Log file open, 03/09/19 15:36:30
LogWindows: Failed to load 'aqProf.dll' (GetLastError=126)
LogWindows: File 'aqProf.dll' does not exist
LogWindows: Failed to load 'VSPerf140.dll' (GetLastError=126)
LogWindows: File 'VSPerf140.dll' does not exist
LogWindows: Failed to load 'VtuneApi.dll' (GetLastError=126)
LogWindows: File 'VtuneApi.dll' does not exist
LogWindows: Failed to load 'VtuneApi32e.dll' (GetLastError=126)
LogWindows: File 'VtuneApi32e.dll' does not exist
LogInit: Display: Running engine for game: Jamfuzer
LogPlatformFile: Not using cached read wrapper
LogTaskGraph: Started task graph with 5 named threads and 14 total threads with 3 sets of task threads.
LogStats: Stats thread started at 0.194494
LogD3D11RHI: Loaded GFSDK_Aftermath_Lib.x64.dll
LogICUInternationalization: Display: ICU TimeZone Detection - Raw Offset: +0:00, Platform Override: ''
LogPluginManager: Mounting plugin Paper2D
LogPluginManager: Mounting plugin AISupport
LogPluginManager: Mounting plugin LightPropagationVolume
LogPluginManager: Mounting plugin CLionSourceCodeAccess
LogPluginManager: Mounting plugin CodeLiteSourceCodeAccess
LogPluginManager: Mounting plugin GitSourceControl
LogPluginManager: Mounting plugin KDevelopSourceCodeAccess
LogPluginManager: Mounting plugin NullSourceCodeAccess
LogPluginManager: Mounting plugin PerforceSourceControl
LogPluginManager: Mounting plugin SubversionSourceControl
LogPluginManager: Mounting plugin UObjectPlugin
LogPluginManager: Mounting plugin VisualStudioCodeSourceCodeAccess
LogPluginManager: Mounting plugin VisualStudioSourceCodeAccess
LogPluginManager: Mounting plugin XCodeSourceCodeAccess
LogPluginManager: Mounting plugin AssetManagerEditor
LogPluginManager: Mounting plugin CryptoKeys
LogPluginManager: Mounting plugin DataValidation
LogPluginManager: Mounting plugin FacialAnimation
LogPluginManager: Mounting plugin GameplayTagsEditor
LogPluginManager: Mounting plugin MacGraphicsSwitching
LogPluginManager: Mounting plugin MeshEditor
LogPluginManager: Mounting plugin MobileLauncherProfileWizard
LogPluginManager: Mounting plugin PluginBrowser
LogPluginManager: Mounting plugin SpeedTreeImporter
LogPluginManager: Mounting plugin DatasmithContent
LogPluginManager: Mounting plugin AlembicImporter
LogPluginManager: Mounting plugin AppleImageUtils
LogPluginManager: Mounting plugin AppleVision
LogPluginManager: Mounting plugin BackChannel
LogPluginManager: Mounting plugin CharacterAI
LogPluginManager: Mounting plugin GeometryCache
LogPluginManager: Mounting plugin HTML5Networking
LogPluginManager: Mounting plugin ProxyLODPlugin
LogPluginManager: Mounting plugin MagicLeap
LogPluginManager: Mounting plugin MagicLeapEmulator
LogPluginManager: Mounting plugin MagicLeapMedia
LogPluginManager: Mounting plugin AndroidMedia
LogPluginManager: Mounting plugin AvfMedia
LogPluginManager: Mounting plugin ImgMedia
LogPluginManager: Mounting plugin LinearTimecode
LogPluginManager: Mounting plugin MediaCompositing
LogPluginManager: Mounting plugin MediaPlayerEditor
LogPluginManager: Mounting plugin WmfMedia
LogPluginManager: Mounting plugin TcpMessaging
LogPluginManager: Mounting plugin UdpMessaging
LogPluginManager: Mounting plugin ActorSequence
LogPluginManager: Mounting plugin LevelSequenceEditor
LogPluginManager: Mounting plugin MatineeToLevelSequence
LogPluginManager: Mounting plugin NetcodeUnitTest
LogPluginManager: Mounting plugin NUTUnrealEngine4
LogPluginManager: Mounting plugin OnlineSubsystemGooglePlay
LogPluginManager: Mounting plugin OnlineSubsystemIOS
LogPluginManager: Mounting plugin OnlineSubsystem
LogPluginManager: Mounting plugin OnlineSubsystemNull
LogPluginManager: Mounting plugin OnlineSubsystemUtils
LogPluginManager: Mounting plugin LauncherChunkInstaller
LogPluginManager: Mounting plugin AndroidDeviceProfileSelector
LogPluginManager: Mounting plugin AndroidMoviePlayer
LogPluginManager: Mounting plugin AndroidPermission
LogPluginManager: Mounting plugin AppleMoviePlayer
LogPluginManager: Mounting plugin ArchVisCharacter
LogPluginManager: Mounting plugin AudioCapture
LogPluginManager: Mounting plugin CableComponent
LogPluginManager: Mounting plugin CustomMeshComponent
LogPluginManager: Mounting plugin EditableMesh
LogPluginManager: Mounting plugin ExampleDeviceProfileSelector
LogPluginManager: Mounting plugin GoogleCloudMessaging
LogPluginManager: Mounting plugin ImmediatePhysics
LogPluginManager: Mounting plugin IOSDeviceProfileSelector
LogPluginManager: Mounting plugin LinuxDeviceProfileSelector
LogPluginManager: Mounting plugin LocationServicesBPLibrary
LogPluginManager: Mounting plugin MobilePatchingUtils
LogPluginManager: Mounting plugin PhysXVehicles
LogPluginManager: Mounting plugin ProceduralMeshComponent
LogPluginManager: Mounting plugin RuntimePhysXCooking
LogPluginManager: Mounting plugin WindowsMoviePlayer
LogStreaming: Display: Took  0.273s to configure plugins.
LogInit: Using libcurl 7.55.1-DEV
LogInit:  - built for x86_64-pc-win32
LogInit:  - supports SSL with OpenSSL/1.0.2h
LogInit:  - supports HTTP deflate (compression) using libz 1.2.8
LogInit:  - other features:
LogInit:      CURL_VERSION_SSL
LogInit:      CURL_VERSION_LIBZ
LogInit:      CURL_VERSION_IPV6
LogInit:      CURL_VERSION_ASYNCHDNS
LogInit:      CURL_VERSION_LARGEFILE
LogInit:      CURL_VERSION_IDN
LogInit:  CurlRequestOptions (configurable via config and command line):
LogInit:  - bVerifyPeer = false  - Libcurl will NOT verify peer certificate
LogInit:  - bUseHttpProxy = false  - Libcurl will NOT use HTTP proxy
LogInit:  - bDontReuseConnections = false  - Libcurl will reuse connections
LogInit:  - CertBundlePath = nullptr  - Libcurl will use whatever was configured at build time.
LogInit:  - MaxHostConnections = 16  - Libcurl will limit the number of connections to a host
LogInit:  - LocalHostAddr = Default
LogInit:  - BufferSize = 65536
LogInit: WinSock: version 1.1 (2.2), MaxSocks=32767, MaxUdp=65467
LogInit: Build: ++UE4+Release-4.20-CL-4369336
LogInit: Engine Version: 4.20.3-4369336+++UE4+Release-4.20
LogInit: Compatible Engine Version: 4.20.0-4212847+++UE4+Release-4.20
LogInit: Net CL: 4212847
LogInit: OS: Windows 10 (), CPU: Intel(R) Core(TM) i5-4670K CPU @ 3.40GHz, GPU: NVIDIA GeForce GTX 1070
LogInit: Compiled (64-bit): Sep 17 2018 12:26:19
LogInit: Compiled with Visual C++: 19.13.26129.00
LogInit: Build Configuration: Development
LogInit: Branch Name: ++UE4+Release-4.20
LogInit: Command Line:  
LogInit: Base Directory: F:/Epic Games/UE_4.20/Engine/Binaries/Win64/
LogInit: Installed Engine Build: 1
LogDevObjectVersion: Number of dev versions registered: 20
LogDevObjectVersion:   Dev-Blueprints (B0D832E4-1F89-4F0D-ACCF-7EB736FD4AA2): 10
LogDevObjectVersion:   Dev-Build (E1C64328-A22C-4D53-A36C-8E866417BD8C): 0
LogDevObjectVersion:   Dev-Core (375EC13C-06E4-48FB-B500-84F0262A717E): 2
LogDevObjectVersion:   Dev-Editor (E4B068ED-F494-42E9-A231-DA0B2E46BB41): 24
LogDevObjectVersion:   Dev-Framework (CFFC743F-43B0-4480-9391-14DF171D2073): 34
LogDevObjectVersion:   Dev-Mobile (B02B49B5-BB20-44E9-A304-32B752E40360): 2
LogDevObjectVersion:   Dev-Networking (A4E4105C-59A1-49B5-A7C5-40C4547EDFEE): 0
LogDevObjectVersion:   Dev-Online (39C831C9-5AE6-47DC-9A44-9C173E1C8E7C): 0
LogDevObjectVersion:   Dev-Physics (78F01B33-EBEA-4F98-B9B4-84EACCB95AA2): 0
LogDevObjectVersion:   Dev-Platform (6631380F-2D4D-43E0-8009-CF276956A95A): 0
LogDevObjectVersion:   Dev-Rendering (12F88B9F-8875-4AFC-A67C-D90C383ABD29): 26
LogDevObjectVersion:   Dev-Sequencer (7B5AE74C-D270-4C10-A958-57980B212A5A): 9
LogDevObjectVersion:   Dev-VR (D7296918-1DD6-4BDD-9DE2-64A83CC13884): 2
LogDevObjectVersion:   Dev-LoadTimes (C2A15278-BFE7-4AFE-6C17-90FF531DF755): 1
LogDevObjectVersion:   Private-Geometry (6EACA3D4-40EC-4CC1-B786-8BED09428FC5): 3
LogDevObjectVersion:   Dev-AnimPhys (29E575DD-E0A3-4627-9D10-D276232CDCEA): 17
LogDevObjectVersion:   Dev-ReflectionCapture (6B266CEC-1EC7-4B8F-A30B-E4D90942FC07): 1
LogDevObjectVersion:   Dev-Automation (0DF73D61-A23F-47EA-B727-89E90C41499A): 1
LogDevObjectVersion:   FortniteMain (601D1886-AC64-4F84-AA16-D3DE0DEAC7D6): 12
LogDevObjectVersion:   Dev-Enterprise (9DFFBCD6-494F-0158-E221-12823C92A888): 1
LogStreaming: Display: Took  0.001s to delete old logs.
LogInit: Presizing for max 8388607 objects, including 0 objects not considered by GC, pre-allocating 0 bytes for permanent pool.
LogInit: Object subsystem initialized
[2019.03.09-15.36.30:739][  0]LogInit: Selected Device Profile: [Windows]
[2019.03.09-15.36.30:739][  0]LogInit: Applying CVar settings loaded from the selected device profile: [Windows]
[2019.03.09-15.36.30:791][  0]LogHAL: Display: Platform has ~ 24 GB [25705910272 / 34359738368 / 24], which maps to Larger [LargestMinGB=32, LargerMinGB=12, DefaultMinGB=8, SmallerMinGB=6, SmallestMinGB=0)
[2019.03.09-15.36.30:791][  0]LogInit: Setting Device Profile CVar: [[r.Vulkan.UseRealUBs:1]]
[2019.03.09-15.36.30:791][  0]LogInit: Going up to parent DeviceProfile []
[2019.03.09-15.36.30:793][  0]LogInit: Computer: SPACE-PC
[2019.03.09-15.36.30:793][  0]LogInit: User: space
[2019.03.09-15.36.30:793][  0]LogInit: CPU Page size=4096, Cores=4
[2019.03.09-15.36.30:793][  0]LogInit: High frequency timer resolution =3.326080 MHz
[2019.03.09-15.36.30:794][  0]LogMemory: Memory total: Physical=23.9GB (24GB approx)
[2019.03.09-15.36.30:794][  0]LogMemory: Platform Memory Stats for Windows
[2019.03.09-15.36.30:794][  0]LogMemory: Process Physical Memory: 99.04 MB used, 99.04 MB peak
[2019.03.09-15.36.30:794][  0]LogMemory: Process Virtual Memory: 90.50 MB used, 90.50 MB peak
[2019.03.09-15.36.30:794][  0]LogMemory: Physical Memory: 6647.29 MB used,  17867.78 MB free, 24515.07 MB total
[2019.03.09-15.36.30:794][  0]LogMemory: Virtual Memory: 4629.68 MB used,  17867.78 MB free, 134217728.00 MB total
[2019.03.09-15.36.30:863][  0]LogInit: Using OS detected language (en-GB).
[2019.03.09-15.36.30:863][  0]LogInit: Using OS detected locale (en-GB).
[2019.03.09-15.36.30:865][  0]LogTextLocalizationManager: No specific localization for 'en-GB' exists, so the 'en' localization will be used.
[2019.03.09-15.36.31:220][  0]LogStreaming: Display: Took  0.357s to InitEngineTextLocalization.
[2019.03.09-15.36.31:220][  0]LogInit: Setting process to per monitor DPI aware
[2019.03.09-15.36.31:264][  0]LogSlate: New Slate User Created.  User Index 0, Is Virtual User: 0
[2019.03.09-15.36.31:264][  0]LogSlate: Slate User Registered.  User Index 0, Is Virtual User: 0
[2019.03.09-15.36.31:452][  0]LogD3D11RHI: D3D11 adapters:
[2019.03.09-15.36.31:565][  0]LogD3D11RHI:    0. 'NVIDIA GeForce GTX 1070' (Feature Level 11_0)
[2019.03.09-15.36.31:565][  0]LogD3D11RHI:       8088/0/12257 MB DedicatedVideo/DedicatedSystem/SharedSystem, Outputs:2, VendorId:0x10de
[2019.03.09-15.36.31:567][  0]LogD3D11RHI:    1. 'Microsoft Basic Render Driver' (Feature Level 11_0)
[2019.03.09-15.36.31:567][  0]LogD3D11RHI:       0/0/12257 MB DedicatedVideo/DedicatedSystem/SharedSystem, Outputs:0, VendorId:0x1414
[2019.03.09-15.36.31:567][  0]LogD3D11RHI: Chosen D3D11 Adapter: 0
[2019.03.09-15.36.31:574][  0]LogD3D11RHI: Creating new Direct3DDevice
[2019.03.09-15.36.31:574][  0]LogD3D11RHI:     GPU DeviceId: 0x1b81 (for the marketing name, search the web for "GPU Device Id")
[2019.03.09-15.36.31:574][  0]LogWindows: EnumDisplayDevices:
[2019.03.09-15.36.31:574][  0]LogWindows:    0. 'NVIDIA GeForce GTX 1070' (P:0 D:1)
[2019.03.09-15.36.31:574][  0]LogWindows:    1. 'NVIDIA GeForce GTX 1070' (P:1 D:1)
[2019.03.09-15.36.31:575][  0]LogWindows:    2. 'NVIDIA GeForce GTX 1070' (P:0 D:0)
[2019.03.09-15.36.31:575][  0]LogWindows:    3. 'NVIDIA GeForce GTX 1070' (P:0 D:0)
[2019.03.09-15.36.31:575][  0]LogWindows: DebugString: FoundDriverCount:4 
[2019.03.09-15.36.31:576][  0]LogD3D11RHI:     Adapter Name: NVIDIA GeForce GTX 1070
[2019.03.09-15.36.31:576][  0]LogD3D11RHI:   Driver Version: 418.81 (internal:25.21.14.1881, unified:418.81)
[2019.03.09-15.36.31:576][  0]LogD3D11RHI:      Driver Date: 1-30-2019
[2019.03.09-15.36.31:576][  0]LogRHI: Texture pool is 5661 MB (70% of 8088 MB)
[2019.03.09-15.36.31:618][  0]LogD3D11RHI: Async texture creation enabled
[2019.03.09-15.36.31:632][  0]LogD3D11RHI: GPU Timing Frequency: 1000.000000 (Debug: 2 1)
[2019.03.09-15.36.31:718][  0]LogD3D11RHI: HDR output is supported on display 1 (NvId: 0x80061087).
[2019.03.09-15.36.31:718][  0]LogShaderCompilers: Guid format shader working directory is 21 characters bigger than the processId version (I:/Jam/Jamfuzer/Jamfuzer/Intermediate/Shaders/WorkingDirectory/13908/).
[2019.03.09-15.36.31:719][  0]LogShaderCompilers: Cleaned the shader compiler working directory 'C:/Users/space/AppData/Local/Temp/UnrealShaderWorkingDir/4B19910A41697FA3F41F0CBF2950CFAE/'.
[2019.03.09-15.36.32:008][  0]LogTemp: Display: Loaded TP AllDesktopTargetPlatform
[2019.03.09-15.36.32:020][  0]LogTemp: Display: Loaded TP MacClientTargetPlatform
[2019.03.09-15.36.32:032][  0]LogTemp: Display: Loaded TP MacNoEditorTargetPlatform
[2019.03.09-15.36.32:045][  0]LogTemp: Display: Loaded TP MacServerTargetPlatform
[2019.03.09-15.36.32:057][  0]LogTemp: Display: Loaded TP MacTargetPlatform
[2019.03.09-15.36.32:069][  0]LogTemp: Display: Loaded TP WindowsClientTargetPlatform
[2019.03.09-15.36.32:081][  0]LogTemp: Display: Loaded TP WindowsNoEditorTargetPlatform
[2019.03.09-15.36.32:093][  0]LogTemp: Display: Loaded TP WindowsServerTargetPlatform
[2019.03.09-15.36.32:100][  0]LogTemp: Display: Loaded TP WindowsTargetPlatform
[2019.03.09-15.36.32:166][  0]LogTemp: Display: Loaded TP AndroidTargetPlatform
[2019.03.09-15.36.32:166][  0]LogTemp: Display: Loaded TP AndroidTargetPlatform
[2019.03.09-15.36.32:166][  0]LogTemp: Display: Loaded TP AndroidTargetPlatform
[2019.03.09-15.36.32:166][  0]LogTemp: Display: Loaded TP AndroidTargetPlatform
[2019.03.09-15.36.32:166][  0]LogTemp: Display: Loaded TP AndroidTargetPlatform
[2019.03.09-15.36.32:166][  0]LogTemp: Display: Loaded TP AndroidTargetPlatform
[2019.03.09-15.36.32:166][  0]LogTemp: Display: Loaded TP AndroidTargetPlatform
[2019.03.09-15.36.32:166][  0]LogTemp: Display: Loaded TP AndroidTargetPlatform
[2019.03.09-15.36.32:166][  0]LogTemp: Display: Loaded TP AndroidTargetPlatform
[2019.03.09-15.36.32:166][  0]LogTemp: Display: Loaded TP AndroidTargetPlatform
[2019.03.09-15.36.32:166][  0]LogTemp: Display: Loaded TP AndroidTargetPlatform
[2019.03.09-15.36.32:166][  0]LogTemp: Display: Loaded TP AndroidTargetPlatform
[2019.03.09-15.36.32:166][  0]LogTemp: Display: Loaded TP AndroidTargetPlatform
[2019.03.09-15.36.32:166][  0]LogTemp: Display: Loaded TP AndroidTargetPlatform
[2019.03.09-15.36.32:166][  0]LogTemp: Display: Loaded TP AndroidTargetPlatform
[2019.03.09-15.36.32:166][  0]LogTemp: Display: Loaded TP AndroidTargetPlatform
[2019.03.09-15.36.32:166][  0]LogTemp: Display: Loaded TP AndroidTargetPlatform
[2019.03.09-15.36.32:166][  0]LogTemp: Display: Loaded TP AndroidTargetPlatform
[2019.03.09-15.36.32:167][  0]LogTemp: Display: Loaded TP HTML5TargetPlatform
[2019.03.09-15.36.32:224][  0]LogTemp: Display: Loaded TP IOSTargetPlatform
[2019.03.09-15.36.32:224][  0]LogTemp: Display: Loaded TP IOSTargetPlatform
[2019.03.09-15.36.32:245][  0]LogTemp: Display: Loaded TP TVOSTargetPlatform
[2019.03.09-15.36.32:245][  0]LogTemp: Display: Loaded TP TVOSTargetPlatform
[2019.03.09-15.36.32:256][  0]LogTemp: Display: Loaded TP LinuxClientTargetPlatform
[2019.03.09-15.36.32:268][  0]LogTemp: Display: Loaded TP LinuxNoEditorTargetPlatform
[2019.03.09-15.36.32:279][  0]LogTemp: Display: Loaded TP LinuxServerTargetPlatform
[2019.03.09-15.36.32:291][  0]LogTemp: Display: Loaded TP LinuxTargetPlatform
[2019.03.09-15.36.32:299][  0]LogTemp: Display: Loaded TP LuminTargetPlatform
[2019.03.09-15.36.32:299][  0]LogTargetPlatformManager: Display: Building Assets For Windows
[2019.03.09-15.36.32:364][  0]LogXGEController: Cleaning working directory: C:/Users/space/AppData/Local/Temp/UnrealXGEWorkingDir/
[2019.03.09-15.36.32:364][  0]LogXGEController: Cannot use XGE Controller as Incredibuild is not installed on this machine.
[2019.03.09-15.36.32:364][  0]LogShaderCompilers: Cannot use XGE Shader Compiler as Incredibuild is not installed on this machine.
[2019.03.09-15.36.32:364][  0]LogShaderCompilers: Display: Using Local Shader Compiler.
[2019.03.09-15.36.33:003][  0]LogDerivedDataCache: Display: Max Cache Size: 512 MB
[2019.03.09-15.36.33:081][  0]LogDerivedDataCache: Loaded boot cache 0.08s 68MB C:/Users/space/AppData/Local/UnrealEngine/4.20/DerivedDataCache/Boot.ddc.
[2019.03.09-15.36.33:081][  0]LogDerivedDataCache: Display: Loaded Boot cache: C:/Users/space/AppData/Local/UnrealEngine/4.20/DerivedDataCache/Boot.ddc
[2019.03.09-15.36.33:081][  0]LogDerivedDataCache: FDerivedDataBackendGraph:  Pak pak cache file I:/Jam/Jamfuzer/Jamfuzer/DerivedDataCache/DDC.ddp not found, will not use a pak cache.
[2019.03.09-15.36.33:081][  0]LogDerivedDataCache: Unable to find inner node Pak for hierarchical cache Hierarchy.
[2019.03.09-15.36.33:081][  0]LogDerivedDataCache: FDerivedDataBackendGraph:  CompressedPak pak cache file I:/Jam/Jamfuzer/Jamfuzer/DerivedDataCache/Compressed.ddp not found, will not use a pak cache.
[2019.03.09-15.36.33:081][  0]LogDerivedDataCache: Unable to find inner node CompressedPak for hierarchical cache Hierarchy.
[2019.03.09-15.36.33:092][  0]LogDerivedDataCache: Display: Pak cache opened for reading ../../../Engine/DerivedDataCache/Compressed.ddp.
[2019.03.09-15.36.33:104][  0]LogDerivedDataCache: Using Local data cache path C:/Users/space/AppData/Local/UnrealEngine/Common/DerivedDataCache: Writable
[2019.03.09-15.36.33:104][  0]LogDerivedDataCache: Shared data cache path not found in *engine.ini, will not use an Shared cache.
[2019.03.09-15.36.33:104][  0]LogDerivedDataCache: Unable to find inner node Shared for hierarchical cache Hierarchy.
[2019.03.09-15.36.33:122][  0]LogMaterial: Verifying Global Shaders for PCD3D_SM5
[2019.03.09-15.36.33:123][  0]LogSlate: Using FreeType 2.6.0
[2019.03.09-15.36.33:123][  0]LogSlate: SlateFontServices - WITH_FREETYPE: 1, WITH_HARFBUZZ: 1
[2019.03.09-15.36.33:196][  0]LogAssetRegistry: FAssetRegistry took 0.0254 seconds to start up
[2019.03.09-15.36.33:468][  0]LogInit: Selected Device Profile: [Windows]
[2019.03.09-15.36.33:591][  0]LogSimplygon: Simplygon DLL not present - disabling.
[2019.03.09-15.36.33:595][  0]LogMeshReduction: Using SimplygonSwarm for distributed automatic mesh merging
[2019.03.09-15.36.33:595][  0]LogMeshReduction: Using ProxyLODMeshReduction for automatic mesh merging
[2019.03.09-15.36.33:595][  0]LogMeshReduction: Using QuadricMeshReduction for automatic static mesh reduction
[2019.03.09-15.36.33:595][  0]LogMeshReduction: No automatic skeletal mesh reduction module available
[2019.03.09-15.36.33:621][  0]LogNetVersion: Jamfuzer 1.0.0, NetCL: 4212847, EngineNetVer: 5, GameNetVer: 0 (Checksum: 1409804063)
[2019.03.09-15.36.35:133][  0]LogPackageLocalizationCache: Processed 9 localized package path(s) for 2 prioritized culture(s) in 1.153967 seconds
[2019.03.09-15.36.35:150][  0]LogUObjectArray: 37967 objects as part of root set at end of initial load.
[2019.03.09-15.36.35:150][  0]LogUObjectAllocator: 6605928 out of 0 bytes used by permanent object pool.
[2019.03.09-15.36.35:150][  0]LogUObjectArray: CloseDisregardForGC: 0/0 objects in disregard for GC pool
[2019.03.09-15.36.35:982][  0]LogTcpMessaging: Initializing TcpMessaging bridge
[2019.03.09-15.36.35:996][  0]LogUdpMessaging: Initializing bridge on interface 0.0.0.0:0 to multicast group 230.0.0.1:6666.
[2019.03.09-15.36.36:106][  0]SourceControl: Source control is disabled
[2019.03.09-15.36.36:106][  0]SourceControl: Source control is disabled
[2019.03.09-15.36.36:107][  0]SourceControl: Source control is disabled
[2019.03.09-15.36.36:108][  0]SourceControl: Source control is disabled
[2019.03.09-15.36.36:268][  0]LogAndroidPermission: UAndroidPermissionCallbackProxy::GetInstance
[2019.03.09-15.36.36:497][  0]LogEngine: Initializing Engine...
[2019.03.09-15.36.36:498][  0]LogStats: UGameplayTagsManager::ConstructGameplayTagTree: ImportINI prefixes -  0.000 s
[2019.03.09-15.36.36:498][  0]LogStats: UGameplayTagsManager::ConstructGameplayTagTree: Construct from data asset -  0.000 s
[2019.03.09-15.36.36:498][  0]LogStats: UGameplayTagsManager::ConstructGameplayTagTree: ImportINI -  0.000 s
[2019.03.09-15.36.36:498][  0]LogStats: UGameplayTagsManager::ConstructGameplayTagTree: GameplayTagTreeChangedEvent.Broadcast -  0.000 s
[2019.03.09-15.36.36:695][  0]LogInit: Initializing FReadOnlyCVARCache
[2019.03.09-15.36.36:713][  0]LogAIModule: Creating AISystem for world Untitled
[2019.03.09-15.36.36:755][  0]LogInit: XAudio2 using 'Headset Earphone (HyperX 7.1 Audio)' : 2 channels at 44.1 kHz using 16 bits per sample (channel mask 0x3)
[2019.03.09-15.36.36:769][  0]LogInit: FAudioDevice initialized.
[2019.03.09-15.36.36:770][  0]LogNetVersion: Set ProjectVersion to 1.0.0.0. Version Checksum will be recalculated on next use.
[2019.03.09-15.36.36:946][  0]LogDerivedDataCache: Saved boot cache 0.18s 68MB C:/Users/space/AppData/Local/UnrealEngine/4.20/DerivedDataCache/Boot.ddc.
[2019.03.09-15.36.36:950][  0]LogInit: Texture streaming: Enabled
[2019.03.09-15.36.36:968][  0]LogEngineSessionManager: EngineSessionManager initialized
[2019.03.09-15.36.36:983][  0]LogInit: Transaction tracking system initialized
[2019.03.09-15.36.37:009][  0]BlueprintLog: New page: Editor Load
[2019.03.09-15.36.37:099][  0]LocalizationService: Localization service is disabled
[2019.03.09-15.36.37:323][  0]LogCook: Display: Max memory allowance for cook 16384mb min free memory 0mb
[2019.03.09-15.36.37:323][  0]LogCook: Display: Mobile HDR setting 1
[2019.03.09-15.36.37:323][  0]LogGameplayTags: Display: UGameplayTagsManager::DoneAddingNativeTags. DelegateIsBound: 0
[2019.03.09-15.36.37:323][  0]LogStats: UGameplayTagsManager::ConstructGameplayTagTree: ImportINI prefixes -  0.000 s
[2019.03.09-15.36.37:323][  0]LogStats: UGameplayTagsManager::ConstructGameplayTagTree: Construct from data asset -  0.000 s
[2019.03.09-15.36.37:323][  0]LogStats: UGameplayTagsManager::ConstructGameplayTagTree: ImportINI -  0.000 s
[2019.03.09-15.36.37:323][  0]LogStats: UGameplayTagsManager::ConstructGameplayTagTree: GameplayTagTreeChangedEvent.Broadcast -  0.000 s
[2019.03.09-15.36.37:383][  0]LogFileCache: Scanning file cache for directory 'I:/Jam/Jamfuzer/Jamfuzer/Content/' took 0.02s
[2019.03.09-15.36.37:432][  0]SourceControl: Source control is disabled
[2019.03.09-15.36.37:432][  0]Cmd: MAP LOAD FILE="I:/Jam/Jamfuzer/Jamfuzer/Content/StarterContent/Maps/Minimal_Default.umap" TEMPLATE=0 SHOWPROGRESS=1 FEATURELEVEL=3
[2019.03.09-15.36.37:432][  0]LightingResults: New page: Lighting Build
[2019.03.09-15.36.37:436][  0]MapCheck: New page: Map Check
[2019.03.09-15.36.37:436][  0]LightingResults: New page: Lighting Build
[2019.03.09-15.36.38:154][  0]LogAIModule: Creating AISystem for world Minimal_Default
[2019.03.09-15.36.38:166][  0]LogEditorServer: Finished looking for orphan Actors (0.000 secs)
[2019.03.09-15.36.38:190][  0]Cmd: MAP CHECKDEP NOCLEARLOG
[2019.03.09-15.36.38:254][  0]MapCheck: Map check complete: 0 Error(s), 0 Warning(s), took 63.917ms to complete.
[2019.03.09-15.36.38:254][  0]LogFileHelpers: Loading map 'Minimal_Default' took 0.822
[2019.03.09-15.36.38:388][  0]LogSlate: Updating window title bar state: overlay mode, drag disabled, window buttons hidden, title bar hidden
[2019.03.09-15.36.38:394][  0]LogSlate: Updating window title bar state: overlay mode, drag disabled, window buttons hidden, title bar hidden
[2019.03.09-15.36.38:400][  0]LogSlate: Updating window title bar state: overlay mode, drag disabled, window buttons hidden, title bar hidden
[2019.03.09-15.36.38:406][  0]LogSlate: Updating window title bar state: overlay mode, drag disabled, window buttons hidden, title bar hidden
[2019.03.09-15.36.38:413][  0]LogCollectionManager: Loaded 0 collections in 0.001987 seconds
[2019.03.09-15.36.38:468][  0]LogFileCache: Scanning file cache for directory 'I:/Jam/Jamfuzer/Jamfuzer/Saved/Collections/' took 0.01s
[2019.03.09-15.36.38:469][  0]LogFileCache: Scanning file cache for directory 'I:/Jam/Jamfuzer/Jamfuzer/Content/Developers/space/Collections/' took 0.01s
[2019.03.09-15.36.38:469][  0]LogFileCache: Scanning file cache for directory 'I:/Jam/Jamfuzer/Jamfuzer/Content/Collections/' took 0.01s
[2019.03.09-15.36.38:469][  0]LogCollectionManager: Rebuilt the GUID cache for 0 collections in 0.000000 seconds
[2019.03.09-15.36.38:477][  0]LogContentBrowser: Native class hierarchy populated in 0.0082 seconds. Added 2565 classes and 594 folders.
[2019.03.09-15.36.38:485][  0]LogContentBrowser: Native class hierarchy updated for 'WidgetCarousel' in 0.0002 seconds. Added 0 classes and 0 folders.
[2019.03.09-15.36.38:531][  0]LogContentBrowser: Native class hierarchy updated for 'AddContentDialog' in 0.0003 seconds. Added 0 classes and 0 folders.
[2019.03.09-15.36.38:536][  0]LogContentBrowser: Native class hierarchy updated for 'SceneOutliner' in 0.0002 seconds. Added 1 classes and 2 folders.
[2019.03.09-15.36.38:632][  0]LogSlate: Took 0.000190 seconds to synchronously load lazily loaded font '../../../Engine/Content/Slate/Fonts/Roboto-Regular.ttf' (155K)
[2019.03.09-15.36.38:634][  0]LogSlate: Took 0.000215 seconds to synchronously load lazily loaded font '../../../Engine/Content/Slate/Fonts/Roboto-Bold.ttf' (160K)
[2019.03.09-15.36.38:639][  0]LogSlate: Took 0.000250 seconds to synchronously load lazily loaded font '../../../Engine/Content/Editor/Slate/Fonts/FontAwesome.ttf' (139K)
[2019.03.09-15.36.38:715][  0]LogRenderer: Reallocating scene render targets to support 1616x808 Format 10 NumSamples 1 (Frame:1).
[2019.03.09-15.36.38:920][  0]LogContentBrowser: Native class hierarchy updated for 'HierarchicalLODOutliner' in 0.0002 seconds. Added 0 classes and 0 folders.
[2019.03.09-15.36.38:920][  0]LogLoad: (Engine Initialization) Total time: 10.48 seconds
[2019.03.09-15.36.38:920][  0]LogLoad: (Engine Initialization) Total Blueprint compile time: 0.00 seconds
[2019.03.09-15.36.38:931][  0]LogWindowsTextInputMethodSystem: Display: IME system now deactivated.
[2019.03.09-15.36.38:953][  0]LogContentStreaming: Texture pool size now 1000 MB
[2019.03.09-15.36.38:996][  1]LogAssetRegistry: Asset discovery search completed in 5.8231 seconds
[2019.03.09-15.36.39:002][  1]LogCollectionManager: Rebuilt the object cache for 0 collections in 0.000000 seconds (found 0 objects)
[2019.03.09-15.36.39:002][  1]LogCollectionManager: Fixed up redirectors for 0 collections in 0.000060 seconds (updated 0 objects)
[2019.03.09-15.36.40:068][122]LogSlate: FSceneViewport::OnFocusLost() reason 0
[2019.03.09-15.36.40:168][134]LogSlate: Window 'Message Log' being destroyed
[2019.03.09-15.36.40:214][134]LogSlate: Window 'Message Log' being destroyed
[2019.03.09-15.36.43:166][464]LogSlate: FSceneViewport::OnFocusLost() reason 2
[2019.03.09-15.36.49:634][214]LogSlate: Took 0.000213 seconds to synchronously load lazily loaded font '../../../Engine/Content/Slate/Fonts/Roboto-Light.ttf' (167K)
[2019.03.09-15.36.49:683][214]LogAssetEditorManager: Opening Asset editor for Blueprint /Game/TopDownBP/Blueprints/TopDownCharacter.TopDownCharacter
[2019.03.09-15.36.50:092][214]LogContentBrowser: Native class hierarchy updated for 'BlueprintGraph' in 0.0006 seconds. Added 116 classes and 0 folders.
[2019.03.09-15.36.50:993][214]LogSlate: Took 0.006773 seconds to synchronously load lazily loaded font '../../../Engine/Content/Slate/Fonts/Roboto-BoldCondensed.ttf' (158K)
[2019.03.09-15.36.51:257][215]LogSlate: Took 0.003881 seconds to synchronously load lazily loaded font '../../../Engine/Content/Slate/Fonts/Roboto-Italic.ttf' (157K)
[2019.03.09-15.37.08:748][506]LogTemp: Repeating last play command: Selected Viewport
[2019.03.09-15.37.08:768][506]LogBlueprintUserMessages: Early PlayInEditor Detection: Level '/Game/StarterContent/Maps/Minimal_Default.Minimal_Default:PersistentLevel' has LevelScriptBlueprint '/Game/StarterContent/Maps/Minimal_Default.Minimal_Default:PersistentLevel.Minimal_Default' with GeneratedClass '/Game/StarterContent/Maps/Minimal_Default.Minimal_Default_C' with ClassGeneratedBy '/Game/StarterContent/Maps/Minimal_Default.Minimal_Default:PersistentLevel.Minimal_Default'
[2019.03.09-15.37.08:768][506]LogPlayLevel: PlayLevel: No blueprints needed recompiling
[2019.03.09-15.37.08:781][506]PIE: New page: PIE session: Minimal_Default (9 Mar 2019 15:37:08)
[2019.03.09-15.37.08:781][506]LogPlayLevel: Creating play world package: /Game/StarterContent/Maps/UEDPIE_0_Minimal_Default
[2019.03.09-15.37.08:787][506]LogPlayLevel: PIE: StaticDuplicateObject took: (0.005953s)
[2019.03.09-15.37.08:788][506]LogAIModule: Creating AISystem for world Minimal_Default
[2019.03.09-15.37.08:788][506]LogPlayLevel: PIE: World Init took: (0.000758s)
[2019.03.09-15.37.08:788][506]LogPlayLevel: PIE: Created PIE world by copying editor world from /Game/StarterContent/Maps/Minimal_Default.Minimal_Default to /Game/StarterContent/Maps/UEDPIE_0_Minimal_Default.Minimal_Default (0.006850s)
[2019.03.09-15.37.08:838][506]LogInit: XAudio2 using 'Headset Earphone (HyperX 7.1 Audio)' : 2 channels at 44.1 kHz using 16 bits per sample (channel mask 0x3)
[2019.03.09-15.37.08:847][506]LogInit: FAudioDevice initialized.
[2019.03.09-15.37.08:893][506]LogLoad: Game class is 'TopDownGameMode_C'
[2019.03.09-15.37.08:895][506]LogWorld: Bringing World /Game/StarterContent/Maps/UEDPIE_0_Minimal_Default.Minimal_Default up for play (max tick rate 0) at 2019.03.09-15.37.08
[2019.03.09-15.37.08:896][506]LogWorld: Bringing up level for play took: 0.001748
[2019.03.09-15.37.08:914][506]LogContentBrowser: Native class hierarchy updated for 'MovieSceneCapture' in 0.0003 seconds. Added 10 classes and 0 folders.
[2019.03.09-15.37.08:918][506]PIE: Play in editor start time for /Game/StarterContent/Maps/UEDPIE_0_Minimal_Default 0.385
[2019.03.09-15.37.08:918][506]LogBlueprintUserMessages: Late PlayInEditor Detection: Level '/Game/StarterContent/Maps/Minimal_Default.Minimal_Default:PersistentLevel' has LevelScriptBlueprint '/Game/StarterContent/Maps/Minimal_Default.Minimal_Default:PersistentLevel.Minimal_Default' with GeneratedClass '/Game/StarterContent/Maps/Minimal_Default.Minimal_Default_C' with ClassGeneratedBy '/Game/StarterContent/Maps/Minimal_Default.Minimal_Default:PersistentLevel.Minimal_Default'
[2019.03.09-15.37.19:299][305]LogScript: Warning: Attempted to access Cube via property Physics Object, but Cube is pending kill
	TopDownCharacter_C /Game/StarterContent/Maps/UEDPIE_0_Minimal_Default.Minimal_Default:PersistentLevel.TopDownCharacter_C_0
	Function /Game/TopDownBP/Blueprints/TopDownCharacter.TopDownCharacter_C:ExecuteUbergraph_TopDownCharacter:0A74
[2019.03.09-15.37.19:299][305]PIE: Error: Blueprint Runtime Error: "Attempted to access Cube via property Physics Object, but Cube is pending kill". Blueprint:  TopDownCharacter Function:  Execute Ubergraph Top Down Character Graph:  EventGraph Node:  Set Collision Response to Channel
[2019.03.09-15.37.19:299][305]LogScript: Warning: Attempted to access Cube via property Physics Object, but Cube is pending kill
	TopDownCharacter_C /Game/StarterContent/Maps/UEDPIE_0_Minimal_Default.Minimal_Default:PersistentLevel.TopDownCharacter_C_0
	Function /Game/TopDownBP/Blueprints/TopDownCharacter.TopDownCharacter_C:ExecuteUbergraph_TopDownCharacter:0AAB
[2019.03.09-15.37.19:299][305]PIE: Error: Blueprint Runtime Error: "Attempted to access Cube via property Physics Object, but Cube is pending kill". Blueprint:  TopDownCharacter Function:  Execute Ubergraph Top Down Character Graph:  EventGraph Node:  Set Physics Linear Velocity
[2019.03.09-15.37.19:491][320]LogScript: Warning: Attempted to access Cube via property Physics Object, but Cube is pending kill
	TopDownCharacter_C /Game/StarterContent/Maps/UEDPIE_0_Minimal_Default.Minimal_Default:PersistentLevel.TopDownCharacter_C_0
	Function /Game/TopDownBP/Blueprints/TopDownCharacter.TopDownCharacter_C:ExecuteUbergraph_TopDownCharacter:006B
[2019.03.09-15.37.19:491][320]PIE: Error: Blueprint Runtime Error: "Attempted to access Cube via property Physics Object, but Cube is pending kill". Blueprint:  TopDownCharacter Function:  Execute Ubergraph Top Down Character Graph:  EventGraph Node:  Set Angular Damping
[2019.03.09-15.37.52:808][911]LogBlueprintUserMessages: Early EndPlayMap Detection: Level '/Game/StarterContent/Maps/Minimal_Default.Minimal_Default:PersistentLevel' has LevelScriptBlueprint '/Game/StarterContent/Maps/Minimal_Default.Minimal_Default:PersistentLevel.Minimal_Default' with GeneratedClass '/Game/StarterContent/Maps/Minimal_Default.Minimal_Default_C' with ClassGeneratedBy '/Game/StarterContent/Maps/Minimal_Default.Minimal_Default:PersistentLevel.Minimal_Default'
[2019.03.09-15.37.52:809][911]LogSlate: Updating window title bar state: overlay mode, drag disabled, window buttons hidden, title bar hidden
[2019.03.09-15.37.52:846][911]LogPlayLevel: Display: Shutting down PIE online subsystems
[2019.03.09-15.37.52:846][911]LogBlueprintUserMessages: Late EndPlayMap Detection: Level '/Game/StarterContent/Maps/Minimal_Default.Minimal_Default:PersistentLevel' has LevelScriptBlueprint '/Game/StarterContent/Maps/Minimal_Default.Minimal_Default:PersistentLevel.Minimal_Default' with GeneratedClass '/Game/StarterContent/Maps/Minimal_Default.Minimal_Default_C' with ClassGeneratedBy '/Game/StarterContent/Maps/Minimal_Default.Minimal_Default:PersistentLevel.Minimal_Default'
[2019.03.09-15.37.52:873][911]LogSlate: Updating window title bar state: overlay mode, drag disabled, window buttons hidden, title bar hidden
[2019.03.09-15.37.52:928][912]LogPlayLevel: Display: Destroying online subsystem :Context_5
[2019.03.09-15.37.53:640][946]LogEditorViewport: Clicking on Actor (LMB): StaticMeshActor (Cube)
[2019.03.09-15.37.54:098][968]LogSlate: FSceneViewport::OnFocusLost() reason 0
[2019.03.09-15.37.54:211][976]LogTemp: Repeating last play command: Selected Viewport
[2019.03.09-15.37.54:230][976]LogBlueprintUserMessages: Early PlayInEditor Detection: Level '/Game/StarterContent/Maps/Minimal_Default.Minimal_Default:PersistentLevel' has LevelScriptBlueprint '/Game/StarterContent/Maps/Minimal_Default.Minimal_Default:PersistentLevel.Minimal_Default' with GeneratedClass '/Game/StarterContent/Maps/Minimal_Default.Minimal_Default_C' with ClassGeneratedBy '/Game/StarterContent/Maps/Minimal_Default.Minimal_Default:PersistentLevel.Minimal_Default'
[2019.03.09-15.37.54:230][976]LogPlayLevel: PlayLevel: No blueprints needed recompiling
[2019.03.09-15.37.54:230][976]PIE: New page: PIE session: Minimal_Default (9 Mar 2019 15:37:54)
[2019.03.09-15.37.54:231][976]LogPlayLevel: Creating play world package: /Game/StarterContent/Maps/UEDPIE_0_Minimal_Default
[2019.03.09-15.37.54:235][976]LogPlayLevel: PIE: StaticDuplicateObject took: (0.004493s)
[2019.03.09-15.37.54:236][976]LogAIModule: Creating AISystem for world Minimal_Default
[2019.03.09-15.37.54:236][976]LogPlayLevel: PIE: World Init took: (0.000846s)
[2019.03.09-15.37.54:236][976]LogPlayLevel: PIE: Created PIE world by copying editor world from /Game/StarterContent/Maps/Minimal_Default.Minimal_Default to /Game/StarterContent/Maps/UEDPIE_0_Minimal_Default.Minimal_Default (0.005478s)
[2019.03.09-15.37.54:283][976]LogInit: XAudio2 using 'Headset Earphone (HyperX 7.1 Audio)' : 2 channels at 44.1 kHz using 16 bits per sample (channel mask 0x3)
[2019.03.09-15.37.54:293][976]LogInit: FAudioDevice initialized.
[2019.03.09-15.37.54:324][976]LogLoad: Game class is 'TopDownGameMode_C'
[2019.03.09-15.37.54:326][976]LogWorld: Bringing World /Game/StarterContent/Maps/UEDPIE_0_Minimal_Default.Minimal_Default up for play (max tick rate 0) at 2019.03.09-15.37.54
[2019.03.09-15.37.54:327][976]LogWorld: Bringing up level for play took: 0.001830
[2019.03.09-15.37.54:343][976]PIE: Play in editor start time for /Game/StarterContent/Maps/UEDPIE_0_Minimal_Default -0.19
[2019.03.09-15.37.54:343][976]LogBlueprintUserMessages: Late PlayInEditor Detection: Level '/Game/StarterContent/Maps/Minimal_Default.Minimal_Default:PersistentLevel' has LevelScriptBlueprint '/Game/StarterContent/Maps/Minimal_Default.Minimal_Default:PersistentLevel.Minimal_Default' with GeneratedClass '/Game/StarterContent/Maps/Minimal_Default.Minimal_Default_C' with ClassGeneratedBy '/Game/StarterContent/Maps/Minimal_Default.Minimal_Default:PersistentLevel.Minimal_Default'
[2019.03.09-15.37.57:538][215]LogSlate: FSceneViewport::OnFocusLost() reason 0
[2019.03.09-15.38.11:129][242]LogSlate: Window 'Message Log' being destroyed
[2019.03.09-15.38.11:176][242]LogSlate: Window 'Message Log' being destroyed
[2019.03.09-15.38.21:022][  6]LogScript: Warning: Attempted to access Cube via property Physics Object, but Cube is pending kill
	TopDownCharacter_C /Game/StarterContent/Maps/UEDPIE_0_Minimal_Default.Minimal_Default:PersistentLevel.TopDownCharacter_C_0
	Function /Game/TopDownBP/Blueprints/TopDownCharacter.TopDownCharacter_C:ExecuteUbergraph_TopDownCharacter:006B
[2019.03.09-15.38.21:022][  6]PIE: Error: Blueprint Runtime Error: "Attempted to access Cube via property Physics Object, but Cube is pending kill". Blueprint:  TopDownCharacter Function:  Execute Ubergraph Top Down Character Graph:  EventGraph Node:  Set Angular Damping
[2019.03.09-15.38.29:455][652]LogBlueprintUserMessages: [Press_2] Please Insert Junk Cube
[2019.03.09-15.38.48:228][107]LogSlate: FSceneViewport::OnFocusLost() reason 0
[2019.03.09-15.38.57:339][812]LogCharacterMovement: TopDownCharacter_C_0 is stuck and failed to move! Velocity: X=-40.98 Y=440.51 Z=0.00 Location: X=-761.26 Y=-407.00 Z=88.55 Normal: X=-0.88 Y=-0.32 Z=-0.36 PenetrationDepth:14.990 Actor:3x1JunkCube_C_0 Component:Cube BoneName:None (0 other events since notify)
[2019.03.09-15.39.09:760][774]LogSlate: FSceneViewport::OnFocusLost() reason 0
[2019.03.09-15.39.12:761][  7]LogSlate: FSceneViewport::OnFocusLost() reason 0
[2019.03.09-15.39.21:530][685]LogBlueprintUserMessages: Early EndPlayMap Detection: Level '/Game/StarterContent/Maps/Minimal_Default.Minimal_Default:PersistentLevel' has LevelScriptBlueprint '/Game/StarterContent/Maps/Minimal_Default.Minimal_Default:PersistentLevel.Minimal_Default' with GeneratedClass '/Game/StarterContent/Maps/Minimal_Default.Minimal_Default_C' with ClassGeneratedBy '/Game/StarterContent/Maps/Minimal_Default.Minimal_Default:PersistentLevel.Minimal_Default'
[2019.03.09-15.39.21:530][685]LogSlate: Updating window title bar state: overlay mode, drag disabled, window buttons hidden, title bar hidden
[2019.03.09-15.39.21:565][685]LogPlayLevel: Display: Shutting down PIE online subsystems
[2019.03.09-15.39.21:565][685]LogBlueprintUserMessages: Late EndPlayMap Detection: Level '/Game/StarterContent/Maps/Minimal_Default.Minimal_Default:PersistentLevel' has LevelScriptBlueprint '/Game/StarterContent/Maps/Minimal_Default.Minimal_Default:PersistentLevel.Minimal_Default' with GeneratedClass '/Game/StarterContent/Maps/Minimal_Default.Minimal_Default_C' with ClassGeneratedBy '/Game/StarterContent/Maps/Minimal_Default.Minimal_Default:PersistentLevel.Minimal_Default'
[2019.03.09-15.39.21:592][685]LogSlate: Updating window title bar state: overlay mode, drag disabled, window buttons hidden, title bar hidden
[2019.03.09-15.39.21:636][686]LogPlayLevel: Display: Destroying online subsystem :Context_6
[2019.03.09-15.39.23:147][781]LogSlate: FSceneViewport::OnFocusLost() reason 0
[2019.03.09-15.39.23:218][787]LogTemp: Repeating last play command: Selected Viewport
[2019.03.09-15.39.23:238][787]LogBlueprintUserMessages: Early PlayInEditor Detection: Level '/Game/StarterContent/Maps/Minimal_Default.Minimal_Default:PersistentLevel' has LevelScriptBlueprint '/Game/StarterContent/Maps/Minimal_Default.Minimal_Default:PersistentLevel.Minimal_Default' with GeneratedClass '/Game/StarterContent/Maps/Minimal_Default.Minimal_Default_C' with ClassGeneratedBy '/Game/StarterContent/Maps/Minimal_Default.Minimal_Default:PersistentLevel.Minimal_Default'
[2019.03.09-15.39.23:238][787]LogPlayLevel: PlayLevel: No blueprints needed recompiling
[2019.03.09-15.39.23:238][787]PIE: New page: PIE session: Minimal_Default (9 Mar 2019 15:39:23)
[2019.03.09-15.39.23:239][787]LogPlayLevel: Creating play world package: /Game/StarterContent/Maps/UEDPIE_0_Minimal_Default
[2019.03.09-15.39.23:243][787]LogPlayLevel: PIE: StaticDuplicateObject took: (0.004274s)
[2019.03.09-15.39.23:244][787]LogAIModule: Creating AISystem for world Minimal_Default
[2019.03.09-15.39.23:244][787]LogPlayLevel: PIE: World Init took: (0.000915s)
[2019.03.09-15.39.23:244][787]LogPlayLevel: PIE: Created PIE world by copying editor world from /Game/StarterContent/Maps/Minimal_Default.Minimal_Default to /Game/StarterContent/Maps/UEDPIE_0_Minimal_Default.Minimal_Default (0.005298s)
[2019.03.09-15.39.23:291][787]LogInit: XAudio2 using 'Headset Earphone (HyperX 7.1 Audio)' : 2 channels at 44.1 kHz using 16 bits per sample (channel mask 0x3)
[2019.03.09-15.39.23:301][787]LogInit: FAudioDevice initialized.
[2019.03.09-15.39.23:335][787]LogLoad: Game class is 'TopDownGameMode_C'
[2019.03.09-15.39.23:337][787]LogWorld: Bringing World /Game/StarterContent/Maps/UEDPIE_0_Minimal_Default.Minimal_Default up for play (max tick rate 0) at 2019.03.09-15.39.23
[2019.03.09-15.39.23:337][787]LogWorld: Bringing up level for play took: 0.001632
[2019.03.09-15.39.23:353][787]PIE: Play in editor start time for /Game/StarterContent/Maps/UEDPIE_0_Minimal_Default 0.82
[2019.03.09-15.39.23:353][787]LogBlueprintUserMessages: Late PlayInEditor Detection: Level '/Game/StarterContent/Maps/Minimal_Default.Minimal_Default:PersistentLevel' has LevelScriptBlueprint '/Game/StarterContent/Maps/Minimal_Default.Minimal_Default:PersistentLevel.Minimal_Default' with GeneratedClass '/Game/StarterContent/Maps/Minimal_Default.Minimal_Default_C' with ClassGeneratedBy '/Game/StarterContent/Maps/Minimal_Default.Minimal_Default:PersistentLevel.Minimal_Default'
[2019.03.09-15.39.28:860][216]LogSlate: FSceneViewport::OnFocusLost() reason 0
[2019.03.09-15.39.48:553][806]LogBlueprintUserMessages: Early EndPlayMap Detection: Level '/Game/StarterContent/Maps/Minimal_Default.Minimal_Default:PersistentLevel' has LevelScriptBlueprint '/Game/StarterContent/Maps/Minimal_Default.Minimal_Default:PersistentLevel.Minimal_Default' with GeneratedClass '/Game/StarterContent/Maps/Minimal_Default.Minimal_Default_C' with ClassGeneratedBy '/Game/StarterContent/Maps/Minimal_Default.Minimal_Default:PersistentLevel.Minimal_Default'
[2019.03.09-15.39.48:554][806]LogSlate: Updating window title bar state: overlay mode, drag disabled, window buttons hidden, title bar hidden
[2019.03.09-15.39.48:589][806]LogPlayLevel: Display: Shutting down PIE online subsystems
[2019.03.09-15.39.48:589][806]LogBlueprintUserMessages: Late EndPlayMap Detection: Level '/Game/StarterContent/Maps/Minimal_Default.Minimal_Default:PersistentLevel' has LevelScriptBlueprint '/Game/StarterContent/Maps/Minimal_Default.Minimal_Default:PersistentLevel.Minimal_Default' with GeneratedClass '/Game/StarterContent/Maps/Minimal_Default.Minimal_Default_C' with ClassGeneratedBy '/Game/StarterContent/Maps/Minimal_Default.Minimal_Default:PersistentLevel.Minimal_Default'
[2019.03.09-15.39.48:615][806]LogSlate: Updating window title bar state: overlay mode, drag disabled, window buttons hidden, title bar hidden
[2019.03.09-15.39.48:668][808]LogPlayLevel: Display: Destroying online subsystem :Context_7
[2019.03.09-15.40.18:289][386]LogSlate: FSceneViewport::OnFocusLost() reason 0
[2019.03.09-15.40.21:305][601]LogAIModule: Creating AISystem for world TestLevel01
[2019.03.09-15.40.21:319][601]LogAssetEditorManager: Opening Asset editor for World /Game/Maps/TestLevel01.TestLevel01
[2019.03.09-15.40.21:345][601]Cmd: MAP LOAD FILE="I:/Jam/Jamfuzer/Jamfuzer/Content/Maps/TestLevel01.umap" TEMPLATE=0 SHOWPROGRESS=1 FEATURELEVEL=3
[2019.03.09-15.40.21:345][601]LightingResults: New page: Lighting Build
[2019.03.09-15.40.21:346][601]LoadErrors: New page: Loading map: TestLevel01.umap
[2019.03.09-15.40.21:347][601]MapCheck: New page: Map Check
[2019.03.09-15.40.21:347][601]LightingResults: New page: Lighting Build
[2019.03.09-15.40.21:469][601]LogEditorServer: Finished looking for orphan Actors (0.000 secs)
[2019.03.09-15.40.21:523][601]Cmd: MAP CHECKDEP NOCLEARLOG
[2019.03.09-15.40.21:600][601]MapCheck: Map check complete: 0 Error(s), 0 Warning(s), took 76.456ms to complete.
[2019.03.09-15.40.21:600][601]LogFileHelpers: Loading map 'TestLevel01' took 0.255
[2019.03.09-15.40.23:211][724]LogSlate: FSceneViewport::OnFocusLost() reason 0
[2019.03.09-15.40.23:317][733]LogTemp: Repeating last play command: Selected Viewport
[2019.03.09-15.40.23:337][733]LogPlayLevel: PlayLevel: No blueprints needed recompiling
[2019.03.09-15.40.23:337][733]PIE: New page: PIE session: TestLevel01 (9 Mar 2019 15:40:23)
[2019.03.09-15.40.23:337][733]LogPlayLevel: Creating play world package: /Game/Maps/UEDPIE_0_TestLevel01
[2019.03.09-15.40.23:359][733]LogPlayLevel: PIE: StaticDuplicateObject took: (0.021354s)
[2019.03.09-15.40.23:359][733]LogAIModule: Creating AISystem for world TestLevel01
[2019.03.09-15.40.23:359][733]LogPlayLevel: PIE: World Init took: (0.000593s)
[2019.03.09-15.40.23:359][733]LogPlayLevel: PIE: Created PIE world by copying editor world from /Game/Maps/TestLevel01.TestLevel01 to /Game/Maps/UEDPIE_0_TestLevel01.TestLevel01 (0.022090s)
[2019.03.09-15.40.23:410][733]LogInit: XAudio2 using 'Headset Earphone (HyperX 7.1 Audio)' : 2 channels at 44.1 kHz using 16 bits per sample (channel mask 0x3)
[2019.03.09-15.40.23:419][733]LogInit: FAudioDevice initialized.
[2019.03.09-15.40.23:453][733]LogLoad: Game class is 'TopDownGameMode_C'
[2019.03.09-15.40.23:456][733]LogWorld: Bringing World /Game/Maps/UEDPIE_0_TestLevel01.TestLevel01 up for play (max tick rate 0) at 2019.03.09-15.40.23
[2019.03.09-15.40.23:457][733]LogWorld: Bringing up level for play took: 0.002516
[2019.03.09-15.40.23:471][733]PIE: Play in editor start time for /Game/Maps/UEDPIE_0_TestLevel01 0.939
[2019.03.09-15.40.39:620][ 84]LogSlate: Updating window title bar state: overlay mode, drag disabled, window buttons hidden, title bar hidden
[2019.03.09-15.40.39:652][ 84]LogPlayLevel: Display: Shutting down PIE online subsystems
[2019.03.09-15.40.39:679][ 84]LogSlate: Updating window title bar state: overlay mode, drag disabled, window buttons hidden, title bar hidden
[2019.03.09-15.40.39:728][ 86]LogPlayLevel: Display: Destroying online subsystem :Context_8
[2019.03.09-15.42.28:007][605]LogSlate: FSceneViewport::OnFocusLost() reason 0
[2019.03.09-15.42.30:981][613]LogSlate: FSceneViewport::OnFocusLost() reason 2
[2019.03.09-15.42.36:803][660]LogSlate: FSceneViewport::OnFocusLost() reason 2
[2019.03.09-15.46.26:755][952]LogAIModule: Creating AISystem for world HazardTesting
[2019.03.09-15.46.26:761][952]LogAssetEditorManager: Opening Asset editor for World /Game/Maps/HazardTesting.HazardTesting
[2019.03.09-15.46.26:791][952]Cmd: MAP LOAD FILE="I:/Jam/Jamfuzer/Jamfuzer/Content/Maps/HazardTesting.umap" TEMPLATE=0 SHOWPROGRESS=1 FEATURELEVEL=3
[2019.03.09-15.46.26:791][952]LightingResults: New page: Lighting Build
[2019.03.09-15.46.26:792][952]LoadErrors: New page: Loading map: HazardTesting.umap
[2019.03.09-15.46.26:794][952]MapCheck: New page: Map Check
[2019.03.09-15.46.26:794][952]LightingResults: New page: Lighting Build
[2019.03.09-15.46.26:909][952]LogEditorServer: Finished looking for orphan Actors (0.000 secs)
[2019.03.09-15.46.26:968][952]Cmd: MAP CHECKDEP NOCLEARLOG
[2019.03.09-15.46.27:050][952]MapCheck: Map check complete: 0 Error(s), 0 Warning(s), took 81.735ms to complete.
[2019.03.09-15.46.27:050][952]LogFileHelpers: Loading map 'HazardTesting' took 0.260
[2019.03.09-15.46.31:088][311]LogSlate: FSceneViewport::OnFocusLost() reason 0
[2019.03.09-15.46.31:425][348]LogTemp: Repeating last play command: Selected Viewport
[2019.03.09-15.46.31:444][348]LogPlayLevel: PlayLevel: No blueprints needed recompiling
[2019.03.09-15.46.31:445][348]PIE: New page: PIE session: HazardTesting (9 Mar 2019 15:46:31)
[2019.03.09-15.46.31:445][348]LogPlayLevel: Creating play world package: /Game/Maps/UEDPIE_0_HazardTesting
[2019.03.09-15.46.31:453][348]LogPlayLevel: PIE: StaticDuplicateObject took: (0.008029s)
[2019.03.09-15.46.31:453][348]LogAIModule: Creating AISystem for world HazardTesting
[2019.03.09-15.46.31:453][348]LogPlayLevel: PIE: World Init took: (0.000585s)
[2019.03.09-15.46.31:453][348]LogPlayLevel: PIE: Created PIE world by copying editor world from /Game/Maps/HazardTesting.HazardTesting to /Game/Maps/UEDPIE_0_HazardTesting.HazardTesting (0.008728s)
[2019.03.09-15.46.31:503][348]LogInit: XAudio2 using 'Headset Earphone (HyperX 7.1 Audio)' : 2 channels at 44.1 kHz using 16 bits per sample (channel mask 0x3)
[2019.03.09-15.46.31:513][348]LogInit: FAudioDevice initialized.
[2019.03.09-15.46.31:544][348]LogLoad: Game class is 'TopDownGameMode_C'
[2019.03.09-15.46.31:546][348]LogWorld: Bringing World /Game/Maps/UEDPIE_0_HazardTesting.HazardTesting up for play (max tick rate 0) at 2019.03.09-15.46.31
[2019.03.09-15.46.31:546][348]LogWorld: Bringing up level for play took: 0.001022
[2019.03.09-15.46.31:561][348]PIE: Play in editor start time for /Game/Maps/UEDPIE_0_HazardTesting 1.029
[2019.03.09-15.46.33:595][548]LogBlueprintUserMessages: [DotControllerBase] DamageTypeAcid_C
[2019.03.09-15.46.34:593][653]LogBlueprintUserMessages: [DotControllerBase] DamageTypeAcid_C
[2019.03.09-15.46.39:466][160]LogBlueprintUserMessages: [DotControllerBase] DamageTypeFire_C
[2019.03.09-15.46.40:463][266]LogBlueprintUserMessages: [DotControllerBase] DamageTypeFire_C
[2019.03.09-15.46.41:465][371]LogBlueprintUserMessages: [DotControllerBase] DamageTypeFire_C
[2019.03.09-15.46.42:463][476]LogBlueprintUserMessages: [DotControllerBase] DamageTypeFire_C
[2019.03.09-15.46.43:463][580]LogBlueprintUserMessages: [DotControllerBase] DamageTypeFire_C
[2019.03.09-15.46.44:462][686]LogBlueprintUserMessages: [DotControllerBase] DamageTypeFire_C
[2019.03.09-15.46.45:466][794]LogBlueprintUserMessages: [DotControllerBase] DamageTypeFire_C
[2019.03.09-15.46.46:461][901]LogBlueprintUserMessages: [DotControllerBase] DamageTypeFire_C
[2019.03.09-15.46.47:466][  6]LogBlueprintUserMessages: [DotControllerBase] DamageTypeFire_C
[2019.03.09-15.46.48:458][112]LogBlueprintUserMessages: [DotControllerBase] DamageTypeFire_C
[2019.03.09-15.46.49:461][220]LogBlueprintUserMessages: [DotControllerBase] DamageTypeFire_C
[2019.03.09-15.46.50:466][326]LogBlueprintUserMessages: [DotControllerBase] DamageTypeFire_C
[2019.03.09-15.46.51:465][431]LogBlueprintUserMessages: [DotControllerBase] DamageTypeFire_C
[2019.03.09-15.46.52:466][537]LogBlueprintUserMessages: [DotControllerBase] DamageTypeFire_C
[2019.03.09-15.46.53:463][640]LogBlueprintUserMessages: [DotControllerBase] DamageTypeFire_C
[2019.03.09-15.46.54:460][744]LogBlueprintUserMessages: [DotControllerBase] DamageTypeFire_C
[2019.03.09-15.46.55:463][851]LogBlueprintUserMessages: [DotControllerBase] DamageTypeFire_C
[2019.03.09-15.46.59:942][314]LogBlueprintUserMessages: [DotControllerBase] DamageTypeAcid_C
[2019.03.09-15.47.00:943][418]LogBlueprintUserMessages: [DotControllerBase] DamageTypeAcid_C
[2019.03.09-15.47.02:936][624]LogBlueprintUserMessages: [DotControllerBase] DamageTypeAcid_C
[2019.03.09-15.47.03:939][727]LogBlueprintUserMessages: [DotControllerBase] DamageTypeAcid_C
[2019.03.09-15.47.04:933][828]LogBlueprintUserMessages: [DotControllerBase] DamageTypeAcid_C
[2019.03.09-15.47.05:934][931]LogBlueprintUserMessages: [DotControllerBase] DamageTypeAcid_C
[2019.03.09-15.47.10:983][450]LogBlueprintUserMessages: [DotControllerBase] DamageTypeFire_C
[2019.03.09-15.47.27:977][237]LogSlate: FSceneViewport::OnFocusLost() reason 0
[2019.03.09-15.47.32:190][621]LogSlate: Updating window title bar state: overlay mode, drag disabled, window buttons hidden, title bar hidden
[2019.03.09-15.47.32:221][621]LogPlayLevel: Display: Shutting down PIE online subsystems
[2019.03.09-15.47.32:248][621]LogSlate: Updating window title bar state: overlay mode, drag disabled, window buttons hidden, title bar hidden
[2019.03.09-15.47.32:299][623]LogPlayLevel: Display: Destroying online subsystem :Context_9
[2019.03.09-15.47.57:645][585]LogAssetEditorManager: Opening Asset editor for Blueprint /Game/TopDownBP/Junk/BlockingFIre.BlockingFIre
[2019.03.09-15.50.34:753][248]BlueprintLog: New page: Compile BlockingFIre
[2019.03.09-15.50.35:355][280]Cmd: OBJ SAVEPACKAGE PACKAGE="/Game/TopDownBP/Junk/BlockingFIre" FILE="I:/Jam/Jamfuzer/Jamfuzer/Content/TopDownBP/Junk/BlockingFIre.uasset" SILENT=true
[2019.03.09-15.50.35:761][280]LogSavePackage: Moving 'I:/Jam/Jamfuzer/Jamfuzer/Saved/BlockingFIre279BDE9A4FFCB1D9EDC771BDED8395AE.tmp' to 'I:/Jam/Jamfuzer/Jamfuzer/Content/TopDownBP/Junk/BlockingFIre.uasset'
[2019.03.09-15.50.42:824][940]LogSlate: FSceneViewport::OnFocusLost() reason 0
[2019.03.09-15.52.09:030][171]LogSlate: Window 'Pick Parent Class' being destroyed
[2019.03.09-15.52.24:781][670]LogAssetEditorManager: Opening Asset editor for Blueprint /Game/TopDownBP/Junk/PressurePlateManager.PressurePlateManager
[2019.03.09-15.52.25:164][671]LogRenderer: Reallocating scene render targets to support 1616x1260 Format 10 NumSamples 1 (Frame:1).
[2019.03.09-15.52.27:130][844]Cmd: OBJ SAVEPACKAGE PACKAGE="/Game/TopDownBP/Junk/BlockingFIre" FILE="I:/Jam/Jamfuzer/Jamfuzer/Content/TopDownBP/Junk/BlockingFIre.uasset" SILENT=true
[2019.03.09-15.52.27:458][844]LogSavePackage: Moving 'I:/Jam/Jamfuzer/Jamfuzer/Saved/BlockingFIre7859B1D14BAFE418259F5CAD7D300E76.tmp' to 'I:/Jam/Jamfuzer/Jamfuzer/Content/TopDownBP/Junk/BlockingFIre.uasset'
[2019.03.09-15.52.27:829][865]BlueprintLog: New page: Compile BlockingFIre
[2019.03.09-15.52.47:374][794]LogSlate: FSceneViewport::OnFocusLost() reason 0
[2019.03.09-15.53.32:020][295]LogSlate: FSceneViewport::OnFocusLost() reason 0
[2019.03.09-15.53.45:517][683]Cmd: OBJ SAVEPACKAGE PACKAGE="/Game/TopDownBP/Junk/PressurePlateManager" FILE="I:/Jam/Jamfuzer/Jamfuzer/Content/TopDownBP/Junk/PressurePlateManager.uasset" SILENT=true
[2019.03.09-15.53.45:622][683]LogSavePackage: Moving 'I:/Jam/Jamfuzer/Jamfuzer/Saved/PressurePlateManagerA17AB95642EC4D0C99B647984AF80676.tmp' to 'I:/Jam/Jamfuzer/Jamfuzer/Content/TopDownBP/Junk/PressurePlateManager.uasset'
[2019.03.09-15.53.49:576][ 89]LogSlate: FSceneViewport::OnFocusLost() reason 0
[2019.03.09-15.53.49:673][100]LogSlate: Window 'PressurePlateManager' being destroyed
[2019.03.09-15.53.49:718][100]LogSlate: Window 'PressurePlateManager' being destroyed
[2019.03.09-15.53.49:799][100]LogActorComponent: UnregisterComponent: (/Engine/Transient.EditorFloorComp) Not registered. Aborting.
[2019.03.09-15.53.50:655][100]LogActorComponent: UnregisterComponent: (/Engine/Transient.EditorFloorComp) Not registered. Aborting.
[2019.03.09-15.53.50:974][126]LogSlate: FSceneViewport::OnFocusLost() reason 0
[2019.03.09-15.53.52:656][139]LogSlate: Window 'Save Content' being destroyed
[2019.03.09-15.53.52:855][139]Cmd: OBJ SAVEPACKAGE PACKAGE="/Game/Maps/HazardTesting" FILE="I:/Jam/Jamfuzer/Jamfuzer/Content/Maps/HazardTesting.umap" SILENT=true AUTOSAVING=false KEEPDIRTY=false
[2019.03.09-15.53.53:015][139]LogSavePackage: Moving 'I:/Jam/Jamfuzer/Jamfuzer/Saved/HazardTestingD2E5E5D94A5DDFE2AD2CD6B27B16F06E.tmp' to 'I:/Jam/Jamfuzer/Jamfuzer/Content/Maps/HazardTesting.umap'
[2019.03.09-15.53.53:114][139]LogFileHelpers: Saving map 'HazardTesting' took 0.348
[2019.03.09-15.53.53:293][139]LogSlate: Window 'Jamfuzer - Unreal Editor' being destroyed
[2019.03.09-15.53.53:336][139]LogWindowsTextInputMethodSystem: Display: IME system now deactivated.
[2019.03.09-15.53.53:577][140]Cmd: QUIT_EDITOR
[2019.03.09-15.53.54:575][140]LogExit: Preparing to exit.
[2019.03.09-15.53.55:466][140]LogExit: Editor shut down
[2019.03.09-15.53.55:467][140]LogExit: Transaction tracking system shut down
[2019.03.09-15.53.55:904][140]LogExit: Object subsystem successfully closed.
[2019.03.09-15.53.55:922][140]LogShaderCompilers: Display: Shaders left to compile 0
[2019.03.09-15.53.55:926][140]LogD3D11RHI: Shutdown
[2019.03.09-15.53.55:926][140]LogD3D11RHI: CleanupD3DDevice
[2019.03.09-15.53.55:928][140]LogD3D11RHI: ~FD3D11DynamicRHI
[2019.03.09-15.53.55:942][140]LogModuleManager: Shutting down and abandoning module MovieSceneCapture (606)
[2019.03.09-15.53.55:942][140]LogModuleManager: Shutting down and abandoning module Voice (604)
[2019.03.09-15.53.55:942][140]LogModuleManager: Shutting down and abandoning module BlueprintGraph (602)
[2019.03.09-15.53.55:942][140]LogModuleManager: Shutting down and abandoning module HierarchicalLODOutliner (600)
[2019.03.09-15.53.55:942][140]LogModuleManager: Shutting down and abandoning module SceneOutliner (598)
[2019.03.09-15.53.55:942][140]LogModuleManager: Shutting down and abandoning module AddContentDialog (596)
[2019.03.09-15.53.55:943][140]LogModuleManager: Shutting down and abandoning module WidgetCarousel (595)
[2019.03.09-15.53.55:943][140]LogModuleManager: Shutting down and abandoning module EditorWidgets (592)
[2019.03.09-15.53.55:943][140]LogModuleManager: Shutting down and abandoning module CollectionManager (590)
[2019.03.09-15.53.55:943][140]LogModuleManager: Shutting down and abandoning module StatsViewer (588)
[2019.03.09-15.53.55:943][140]LogModuleManager: Shutting down and abandoning module FoliageEdit (586)
[2019.03.09-15.53.55:943][140]LogModuleManager: Shutting down and abandoning module LandscapeEditor (584)
[2019.03.09-15.53.55:943][140]LogModuleManager: Shutting down and abandoning module MeshPaintMode (582)
[2019.03.09-15.53.55:943][140]LogModuleManager: Shutting down and abandoning module SceneDepthPickerMode (580)
[2019.03.09-15.53.55:943][140]LogModuleManager: Shutting down and abandoning module ActorPickerMode (578)
[2019.03.09-15.53.55:943][140]LogModuleManager: Shutting down and abandoning module GeometryMode (576)
[2019.03.09-15.53.55:943][140]LogModuleManager: Shutting down and abandoning module TextureAlignMode (574)
[2019.03.09-15.53.55:943][140]LogModuleManager: Shutting down and abandoning module BspMode (572)
[2019.03.09-15.53.55:943][140]LogModuleManager: Shutting down and abandoning module PIEPreviewDeviceProfileSelector (570)
[2019.03.09-15.53.55:943][140]LogModuleManager: Shutting down and abandoning module SequenceRecorderSections (568)
[2019.03.09-15.53.55:943][140]LogModuleManager: Shutting down and abandoning module AutomationWorker (566)
[2019.03.09-15.53.55:943][140]LogModuleManager: Shutting down and abandoning module AudioCaptureEditor (564)
[2019.03.09-15.53.55:943][140]LogModuleManager: Shutting down and abandoning module SequenceRecorder (563)
[2019.03.09-15.53.55:943][140]LogModuleManager: Shutting down and abandoning module MatineeToLevelSequence (560)
[2019.03.09-15.53.55:943][140]LogModuleManager: Shutting down and abandoning module LevelSequenceEditor (558)
[2019.03.09-15.53.55:944][140]LogModuleManager: Shutting down and abandoning module PlacementMode (557)
[2019.03.09-15.53.55:944][140]LogModuleManager: Shutting down and abandoning module MaterialEditor (556)
[2019.03.09-15.53.55:944][140]LogModuleManager: Shutting down and abandoning module WmfMediaFactory (552)
[2019.03.09-15.53.55:944][140]LogModuleManager: Shutting down and abandoning module WmfMediaEditor (550)
[2019.03.09-15.53.55:944][140]LogModuleManager: Shutting down and abandoning module MediaPlayerEditor (548)
[2019.03.09-15.53.55:944][140]LogModuleManager: Shutting down and abandoning module OpenExrWrapper (546)
[2019.03.09-15.53.55:944][140]LogModuleManager: Shutting down and abandoning module ImgMediaFactory (544)
[2019.03.09-15.53.55:944][140]LogModuleManager: Shutting down and abandoning module ImgMediaEditor (542)
[2019.03.09-15.53.55:944][140]LogModuleManager: Shutting down and abandoning module AvfMediaFactory (540)
[2019.03.09-15.53.55:944][140]LogModuleManager: Shutting down and abandoning module AvfMediaEditor (538)
[2019.03.09-15.53.55:944][140]LogModuleManager: Shutting down and abandoning module AndroidMediaFactory (536)
[2019.03.09-15.53.55:944][140]LogModuleManager: Shutting down and abandoning module AndroidMediaEditor (534)
[2019.03.09-15.53.55:944][140]LogModuleManager: Shutting down and abandoning module MagicLeapCameraPreviewFactory (532)
[2019.03.09-15.53.55:944][140]LogModuleManager: Shutting down and abandoning module MagicLeapMediaFactory (530)
[2019.03.09-15.53.55:944][140]LogModuleManager: Shutting down and abandoning module MagicLeapMediaEditor (528)
[2019.03.09-15.53.55:944][140]LogModuleManager: Shutting down and abandoning module CharacterAI (526)
[2019.03.09-15.53.55:944][140]LogModuleManager: Shutting down and abandoning module SmartSnapping (524)
[2019.03.09-15.53.55:944][140]LogModuleManager: Shutting down and abandoning module SessionServices (522)
[2019.03.09-15.53.55:944][140]LogModuleManager: Shutting down and abandoning module ViewportSnapping (520)
[2019.03.09-15.53.55:944][140]LogModuleManager: Shutting down and abandoning module ViewportInteraction (518)
[2019.03.09-15.53.55:944][140]LogModuleManager: Shutting down and abandoning module ClothPainter (516)
[2019.03.09-15.53.55:944][140]LogModuleManager: Shutting down and abandoning module SkeletalMeshEditor (515)
[2019.03.09-15.53.55:944][140]LogModuleManager: Shutting down and abandoning module LogVisualizer (512)
[2019.03.09-15.53.55:944][140]LogModuleManager: Shutting down and abandoning module IntroTutorials (510)
[2019.03.09-15.53.55:944][140]LogModuleManager: Shutting down and abandoning module GameProjectGeneration (509)
[2019.03.09-15.53.55:944][140]LogModuleManager: Shutting down and abandoning module LuminPlatformEditor (506)
[2019.03.09-15.53.55:944][140]LogModuleManager: Shutting down and abandoning module IOSPlatformEditor (504)
[2019.03.09-15.53.55:944][140]LogModuleManager: Shutting down and abandoning module HTML5PlatformEditor (502)
[2019.03.09-15.53.55:944][140]LogModuleManager: Shutting down and abandoning module AndroidPlatformEditor (500)
[2019.03.09-15.53.55:944][140]LogModuleManager: Shutting down and abandoning module AndroidDeviceDetection (499)
[2019.03.09-15.53.56:545][140]LogModuleManager: Shutting down and abandoning module WindowsPlatformEditor (496)
[2019.03.09-15.53.56:545][140]LogModuleManager: Shutting down and abandoning module LuminRuntimeSettings (494)
[2019.03.09-15.53.56:545][140]LogModuleManager: Shutting down and abandoning module IOSRuntimeSettings (492)
[2019.03.09-15.53.56:545][140]LogModuleManager: Shutting down and abandoning module AndroidRuntimeSettings (490)
[2019.03.09-15.53.56:545][140]LogModuleManager: Shutting down and abandoning module InputBindingEditor (488)
[2019.03.09-15.53.56:545][140]LogModuleManager: Shutting down and abandoning module MergeActors (486)
[2019.03.09-15.53.56:545][140]LogModuleManager: Shutting down and abandoning module LocalizationDashboard (484)
[2019.03.09-15.53.56:546][140]LogModuleManager: Shutting down and abandoning module LocalizationService (483)
[2019.03.09-15.53.56:546][140]LogModuleManager: Shutting down and abandoning module HardwareTargeting (480)
[2019.03.09-15.53.56:546][140]LogModuleManager: Shutting down and abandoning module DeviceProfileEditor (478)
[2019.03.09-15.53.56:546][140]LogModuleManager: Shutting down and abandoning module UndoHistory (476)
[2019.03.09-15.53.56:546][140]LogModuleManager: Shutting down and abandoning module XmlParser (474)
[2019.03.09-15.53.56:546][140]LogModuleManager: Shutting down and abandoning module Blutility (472)
[2019.03.09-15.53.56:546][140]LogModuleManager: Shutting down and abandoning module ProjectSettingsViewer (470)
[2019.03.09-15.53.56:546][140]LogModuleManager: Shutting down and abandoning module ProjectTargetPlatformEditor (469)
[2019.03.09-15.53.56:546][140]LogModuleManager: Shutting down and abandoning module EditorSettingsViewer (466)
[2019.03.09-15.53.56:546][140]LogModuleManager: Shutting down and abandoning module SettingsEditor (464)
[2019.03.09-15.53.56:546][140]LogModuleManager: Shutting down and abandoning module ProjectLauncher (462)
[2019.03.09-15.53.56:546][140]LogModuleManager: Shutting down and abandoning module SessionFrontend (460)
[2019.03.09-15.53.56:546][140]LogModuleManager: Shutting down and abandoning module ProfilerClient (458)
[2019.03.09-15.53.56:546][140]LogModuleManager: Shutting down and abandoning module DeviceManager (456)
[2019.03.09-15.53.56:546][140]LogModuleManager: Shutting down and abandoning module TargetDeviceServices (455)
[2019.03.09-15.53.56:612][140]LogModuleManager: Shutting down and abandoning module AutomationController (452)
[2019.03.09-15.53.56:612][140]LogModuleManager: Shutting down and abandoning module AutomationWindow (450)
[2019.03.09-15.53.56:612][140]LogModuleManager: Shutting down and abandoning module Layers (448)
[2019.03.09-15.53.56:612][140]LogModuleManager: Shutting down and abandoning module ComponentVisualizers (446)
[2019.03.09-15.53.56:612][140]LogModuleManager: Shutting down and abandoning module DetailCustomizations (444)
[2019.03.09-15.53.56:612][140]LogModuleManager: Shutting down and abandoning module PackagesDialog (442)
[2019.03.09-15.53.56:612][140]LogModuleManager: Shutting down and abandoning module Persona (440)
[2019.03.09-15.53.56:612][140]LogModuleManager: Shutting down and abandoning module AdvancedPreviewScene (439)
[2019.03.09-15.53.56:612][140]LogModuleManager: Shutting down and abandoning module AnimGraph (437)
[2019.03.09-15.53.56:612][140]LogModuleManager: Shutting down and abandoning module Kismet (434)
[2019.03.09-15.53.56:617][140]LogModuleManager: Shutting down and abandoning module GraphEditor (432)
[2019.03.09-15.53.56:617][140]LogModuleManager: Shutting down and abandoning module ClassViewer (430)
[2019.03.09-15.53.56:618][140]LogModuleManager: Shutting down and abandoning module Toolbox (428)
[2019.03.09-15.53.56:618][140]LogModuleManager: Shutting down and abandoning module ModuleUI (426)
[2019.03.09-15.53.56:618][140]LogModuleManager: Shutting down and abandoning module MovieSceneTools (424)
[2019.03.09-15.53.56:618][140]LogModuleManager: Shutting down and abandoning module OutputLog (422)
[2019.03.09-15.53.56:618][140]LogModuleManager: Shutting down and abandoning module GammaUI (420)
[2019.03.09-15.53.56:618][140]LogModuleManager: Shutting down and abandoning module Documentation (418)
[2019.03.09-15.53.56:618][140]LogModuleManager: Shutting down and abandoning module MovieSceneTracks (416)
[2019.03.09-15.53.56:619][140]LogModuleManager: Shutting down and abandoning module MovieScene (414)
[2019.03.09-15.53.56:619][140]LogModuleManager: Shutting down and abandoning module StreamingPauseRendering (412)
[2019.03.09-15.53.56:619][140]LogModuleManager: Shutting down and abandoning module LauncherPlatform (410)
[2019.03.09-15.53.56:619][140]LogModuleManager: Shutting down and abandoning module AnalyticsET (408)
[2019.03.09-15.53.56:619][140]LogModuleManager: Shutting down and abandoning module PortalServices (406)
[2019.03.09-15.53.56:619][140]LogModuleManager: Shutting down and abandoning module PortalRpc (404)
[2019.03.09-15.53.56:619][140]LogModuleManager: Shutting down and abandoning module MessagingRpc (402)
[2019.03.09-15.53.56:619][140]LogModuleManager: Shutting down and abandoning module AIModule (400)
[2019.03.09-15.53.56:619][140]LogModuleManager: Shutting down and abandoning module GameplayDebugger (399)
[2019.03.09-15.53.56:619][140]LogModuleManager: Shutting down and abandoning module AITestSuite (397)
[2019.03.09-15.53.56:619][140]LogModuleManager: Shutting down and abandoning module NavigationSystem (395)
[2019.03.09-15.53.56:619][140]LogModuleManager: Shutting down and abandoning module DesktopPlatform (392)
[2019.03.09-15.53.56:619][140]LogModuleManager: Shutting down and abandoning module ProfilerService (390)
[2019.03.09-15.53.56:689][140]LogModuleManager: Shutting down and abandoning module TaskGraph (388)
[2019.03.09-15.53.56:689][140]LogModuleManager: Shutting down and abandoning module ProceduralMeshComponentEditor (386)
[2019.03.09-15.53.56:689][140]LogModuleManager: Shutting down and abandoning module ProceduralMeshComponent (384)
[2019.03.09-15.53.56:689][140]LogModuleManager: Shutting down and abandoning module MobilePatchingUtils (382)
[2019.03.09-15.53.56:689][140]LogModuleManager: Shutting down and abandoning module EditableMesh (380)
[2019.03.09-15.53.56:689][140]LogModuleManager: Shutting down and abandoning module CustomMeshComponent (378)
[2019.03.09-15.53.56:689][140]LogModuleManager: Shutting down and abandoning module CableComponent (376)
[2019.03.09-15.53.56:689][140]LogModuleManager: Shutting down and abandoning module AudioCapture (374)
[2019.03.09-15.53.56:689][140]LogModuleManager: Shutting down and abandoning module ArchVisCharacter (372)
[2019.03.09-15.53.56:689][140]LogModuleManager: Shutting down and abandoning module AndroidPermission (370)
[2019.03.09-15.53.56:689][140]LogModuleManager: Shutting down and abandoning module NUTUnrealEngine4 (368)
[2019.03.09-15.53.56:689][140]LogModuleManager: Shutting down and abandoning module NetcodeUnitTest (366)
[2019.03.09-15.53.56:689][140]LogModuleManager: Shutting down and abandoning module MediaCompositingEditor (364)
[2019.03.09-15.53.56:690][140]LogModuleManager: Shutting down and abandoning module MediaCompositing (362)
[2019.03.09-15.53.56:690][140]LogModuleManager: Shutting down and abandoning module LinearTimecode (360)
[2019.03.09-15.53.56:690][140]LogModuleManager: Shutting down and abandoning module ImgMedia (358)
[2019.03.09-15.53.56:692][140]LogModuleManager: Shutting down and abandoning module HTML5Networking (356)
[2019.03.09-15.53.56:692][140]LogModuleManager: Shutting down and abandoning module GeometryCacheTracks (354)
[2019.03.09-15.53.56:692][140]LogModuleManager: Shutting down and abandoning module GeometryCacheSequencer (352)
[2019.03.09-15.53.56:692][140]LogModuleManager: Shutting down and abandoning module BackChannel (350)
[2019.03.09-15.53.56:692][140]LogModuleManager: Shutting down and abandoning module AppleVision (348)
[2019.03.09-15.53.56:692][140]LogModuleManager: Shutting down and abandoning module AppleImageUtils (346)
[2019.03.09-15.53.56:692][140]LogModuleManager: Shutting down and abandoning module AlembicImporter (344)
[2019.03.09-15.53.56:692][140]LogModuleManager: Shutting down and abandoning module AlembicLibrary (343)
[2019.03.09-15.53.56:692][140]LogModuleManager: Shutting down and abandoning module GeometryCache (342)
[2019.03.09-15.53.56:692][140]LogModuleManager: Shutting down and abandoning module GeometryCacheEd (341)
[2019.03.09-15.53.56:692][140]LogModuleManager: Shutting down and abandoning module DatasmithContentEditor (336)
[2019.03.09-15.53.56:692][140]LogModuleManager: Shutting down and abandoning module DatasmithContent (334)
[2019.03.09-15.53.56:693][140]LogModuleManager: Shutting down and abandoning module SpeedTreeImporter (332)
[2019.03.09-15.53.56:693][140]LogModuleManager: Shutting down and abandoning module PluginBrowser (330)
[2019.03.09-15.53.56:693][140]LogModuleManager: Shutting down and abandoning module MobileLauncherProfileWizard (328)
[2019.03.09-15.53.56:693][140]LogModuleManager: Shutting down and abandoning module PolygonModeling (326)
[2019.03.09-15.53.56:693][140]LogModuleManager: Shutting down and abandoning module MeshEditor (324)
[2019.03.09-15.53.56:693][140]LogModuleManager: Shutting down and abandoning module CryptoKeysOpenSSL (322)
[2019.03.09-15.53.56:693][140]LogModuleManager: Shutting down and abandoning module CryptoKeys (320)
[2019.03.09-15.53.56:693][140]LogModuleManager: Shutting down and abandoning module VisualStudioSourceCodeAccess (318)
[2019.03.09-15.53.56:694][140]LogModuleManager: Shutting down and abandoning module VisualStudioCodeSourceCodeAccess (316)
[2019.03.09-15.53.56:694][140]LogModuleManager: Shutting down and abandoning module UObjectPlugin (314)
[2019.03.09-15.53.56:694][140]LogModuleManager: Shutting down and abandoning module SubversionSourceControl (312)
[2019.03.09-15.53.56:694][140]LogModuleManager: Shutting down and abandoning module PerforceSourceControl (310)
[2019.03.09-15.53.56:694][140]LogModuleManager: Shutting down and abandoning module GitSourceControl (308)
[2019.03.09-15.53.56:694][140]LogModuleManager: Shutting down and abandoning module SourceControl (307)
[2019.03.09-15.53.56:694][140]LogModuleManager: Shutting down and abandoning module CLionSourceCodeAccess (304)
[2019.03.09-15.53.56:694][140]LogModuleManager: Shutting down and abandoning module LightPropagationVolumeEditor (302)
[2019.03.09-15.53.56:694][140]LogModuleManager: Shutting down and abandoning module PaperTiledImporter (300)
[2019.03.09-15.53.56:694][140]LogModuleManager: Shutting down and abandoning module PaperSpriteSheetImporter (298)
[2019.03.09-15.53.56:694][140]LogModuleManager: Shutting down and abandoning module Paper2DEditor (296)
[2019.03.09-15.53.56:694][140]LogModuleManager: Shutting down and abandoning module MeshPaint (295)
[2019.03.09-15.53.56:694][140]LogModuleManager: Shutting down and abandoning module RuntimePhysXCooking (292)
[2019.03.09-15.53.56:694][140]LogModuleManager: Shutting down and abandoning module PhysXVehiclesEditor (290)
[2019.03.09-15.53.56:694][140]LogModuleManager: Shutting down and abandoning module PhysXVehicles (288)
[2019.03.09-15.53.56:694][140]LogModuleManager: Shutting down and abandoning module LocationServicesBPLibrary (286)
[2019.03.09-15.53.56:694][140]LogModuleManager: Shutting down and abandoning module ImmediatePhysicsEditor (284)
[2019.03.09-15.53.56:694][140]LogModuleManager: Shutting down and abandoning module ImmediatePhysics (282)
[2019.03.09-15.53.56:694][140]LogModuleManager: Shutting down and abandoning module ActorSequence (280)
[2019.03.09-15.53.56:694][140]LogModuleManager: Shutting down and abandoning module UdpMessaging (278)
[2019.03.09-15.53.56:798][140]LogModuleManager: Shutting down and abandoning module TcpMessaging (276)
[2019.03.09-15.53.56:900][140]LogModuleManager: Shutting down and abandoning module MagicLeapAudio (274)
[2019.03.09-15.53.56:900][140]LogModuleManager: Shutting down and abandoning module GameplayTagsEditor (272)
[2019.03.09-15.53.56:900][140]LogModuleManager: Shutting down and abandoning module FacialAnimationEditor (270)
[2019.03.09-15.53.56:900][140]LogModuleManager: Shutting down and abandoning module FacialAnimation (268)
[2019.03.09-15.53.56:900][140]LogModuleManager: Shutting down and abandoning module DataValidation (266)
[2019.03.09-15.53.56:900][140]LogModuleManager: Shutting down and abandoning module AssetManagerEditor (264)
[2019.03.09-15.53.56:900][140]LogModuleManager: Shutting down and abandoning module LevelEditor (263)
[2019.03.09-15.53.56:901][140]LogModuleManager: Shutting down and abandoning module PixelInspectorModule (262)
[2019.03.09-15.53.56:901][140]LogModuleManager: Shutting down and abandoning module CommonMenuExtensions (260)
[2019.03.09-15.53.56:901][140]LogModuleManager: Shutting down and abandoning module MainFrame (258)
[2019.03.09-15.53.56:901][140]LogModuleManager: Shutting down and abandoning module HotReload (257)
[2019.03.09-15.53.56:902][140]LogModuleManager: Shutting down and abandoning module ContentBrowser (253)
[2019.03.09-15.53.56:903][140]LogModuleManager: Shutting down and abandoning module TreeMap (251)
[2019.03.09-15.53.56:903][140]LogModuleManager: Shutting down and abandoning module LightPropagationVolumeRuntime (248)
[2019.03.09-15.53.56:903][140]LogModuleManager: Shutting down and abandoning module AISupportModule (246)
[2019.03.09-15.53.56:903][140]LogModuleManager: Shutting down and abandoning module Paper2D (244)
[2019.03.09-15.53.56:903][140]LogModuleManager: Shutting down and abandoning module WindowsMoviePlayer (242)
[2019.03.09-15.53.56:903][140]LogModuleManager: Shutting down and abandoning module WmfMedia (240)
[2019.03.09-15.53.56:912][140]LogModuleManager: Shutting down and abandoning module Media (239)
[2019.03.09-15.53.56:921][140]LogModuleManager: Shutting down and abandoning module PacketHandler (236)
[2019.03.09-15.53.56:921][140]LogModuleManager: Shutting down and abandoning module ClothingSystemEditor (234)
[2019.03.09-15.53.56:921][140]LogModuleManager: Shutting down and abandoning module ClothingSystemRuntime (232)
[2019.03.09-15.53.56:921][140]LogModuleManager: Shutting down and abandoning module MediaAssets (230)
[2019.03.09-15.53.56:921][140]LogModuleManager: Shutting down and abandoning module Overlay (228)
[2019.03.09-15.53.56:921][140]LogModuleManager: Shutting down and abandoning module OverlayEditor (227)
[2019.03.09-15.53.56:921][140]LogModuleManager: Shutting down and abandoning module VREditor (224)
[2019.03.09-15.53.56:921][140]LogModuleManager: Shutting down and abandoning module StringTableEditor (222)
[2019.03.09-15.53.56:921][140]LogModuleManager: Shutting down and abandoning module GameplayTasksEditor (220)
[2019.03.09-15.53.56:921][140]LogModuleManager: Shutting down and abandoning module BehaviorTreeEditor (218)
[2019.03.09-15.53.56:921][140]LogModuleManager: Shutting down and abandoning module FunctionalTesting (216)
[2019.03.09-15.53.56:921][140]LogModuleManager: Shutting down and abandoning module CollisionAnalyzer (214)
[2019.03.09-15.53.56:921][140]LogModuleManager: Shutting down and abandoning module WorkspaceMenuStructure (213)
[2019.03.09-15.53.56:921][140]LogModuleManager: Shutting down and abandoning module UMG (210)
[2019.03.09-15.53.56:921][140]LogModuleManager: Shutting down and abandoning module UMGEditor (209)
[2019.03.09-15.53.56:921][140]LogModuleManager: Shutting down and abandoning module Sequencer (208)
[2019.03.09-15.53.56:922][140]LogModuleManager: Shutting down and abandoning module MessageLog (205)
[2019.03.09-15.53.56:922][140]LogModuleManager: Shutting down and abandoning module SlateReflector (200)
[2019.03.09-15.53.56:924][140]LogModuleManager: Shutting down and abandoning module Slate (198)
[2019.03.09-15.53.56:924][140]LogModuleManager: Shutting down and abandoning module EditorStyle (196)
[2019.03.09-15.53.56:927][140]LogModuleManager: Shutting down and abandoning module MRMesh (194)
[2019.03.09-15.53.56:927][140]LogModuleManager: Shutting down and abandoning module SourceCodeAccess (192)
[2019.03.09-15.53.56:927][140]LogModuleManager: Shutting down and abandoning module HeadMountedDisplay (190)
[2019.03.09-15.53.56:927][140]LogModuleManager: Shutting down and abandoning module XAudio2 (188)
[2019.03.09-15.53.56:927][140]LogModuleManager: Shutting down and abandoning module Networking (186)
[2019.03.09-15.53.56:927][140]LogModuleManager: Shutting down and abandoning module Core (184)
[2019.03.09-15.53.56:927][140]LogModuleManager: Shutting down and abandoning module LevelSequence (182)
[2019.03.09-15.53.56:927][140]LogModuleManager: Shutting down and abandoning module KismetCompiler (180)
[2019.03.09-15.53.56:927][140]LogModuleManager: Shutting down and abandoning module MeshUtilities (178)
[2019.03.09-15.53.56:927][140]LogModuleManager: Shutting down and abandoning module MeshMergeUtilities (177)
[2019.03.09-15.53.56:927][140]LogModuleManager: Shutting down and abandoning module MeshReductionInterface (176)
[2019.03.09-15.53.56:927][140]LogModuleManager: Shutting down and abandoning module SimplygonSwarm (175)
[2019.03.09-15.53.56:927][140]LogModuleManager: Shutting down and abandoning module ProxyLODMeshReduction (173)
[2019.03.09-15.53.56:927][140]LogModuleManager: Shutting down and abandoning module SimplygonMeshReduction (171)
[2019.03.09-15.53.56:927][140]LogModuleManager: Shutting down and abandoning module QuadricMeshReduction (169)
[2019.03.09-15.53.56:927][140]LogModuleManager: Shutting down and abandoning module MaterialBaking (165)
[2019.03.09-15.53.56:928][140]LogModuleManager: Shutting down and abandoning module DirectoryWatcher (161)
[2019.03.09-15.53.56:928][140]LogModuleManager: Shutting down and abandoning module DerivedDataCache (158)
[2019.03.09-15.53.57:068][140]LogDerivedDataCache: Shutdown
[2019.03.09-15.53.57:068][140]LogModuleManager: Shutting down and abandoning module XGEController (156)
[2019.03.09-15.53.57:068][140]LogXGEController: Cleaning working directory: C:/Users/space/AppData/Local/Temp/UnrealXGEWorkingDir/
[2019.03.09-15.53.57:069][140]LogModuleManager: Shutting down and abandoning module TargetPlatform (154)
[2019.03.09-15.53.57:069][140]LogModuleManager: Shutting down and abandoning module VulkanShaderFormat (153)
[2019.03.09-15.53.57:069][140]LogModuleManager: Shutting down and abandoning module ShaderFormatVectorVM (151)
[2019.03.09-15.53.57:069][140]LogModuleManager: Shutting down and abandoning module ShaderFormatOpenGL (149)
[2019.03.09-15.53.57:069][140]LogModuleManager: Shutting down and abandoning module ShaderFormatD3D (147)
[2019.03.09-15.53.57:069][140]LogModuleManager: Shutting down and abandoning module MetalShaderFormat (145)
[2019.03.09-15.53.57:069][140]LogModuleManager: Shutting down and abandoning module TextureFormatUncompressed (143)
[2019.03.09-15.53.57:069][140]LogModuleManager: Shutting down and abandoning module TextureFormatPVR (141)
[2019.03.09-15.53.57:069][140]LogModuleManager: Shutting down and abandoning module TextureFormatDXT (139)
[2019.03.09-15.53.57:069][140]LogModuleManager: Shutting down and abandoning module TextureFormatIntelISPCTexComp (137)
[2019.03.09-15.53.57:069][140]LogModuleManager: Shutting down and abandoning module TextureFormatASTC (135)
[2019.03.09-15.53.57:069][140]LogModuleManager: Shutting down and abandoning module ImageWrapper (134)
[2019.03.09-15.53.57:069][140]LogModuleManager: Shutting down and abandoning module TextureFormatAndroid (131)
[2019.03.09-15.53.57:069][140]LogModuleManager: Shutting down and abandoning module AudioFormatOpus (129)
[2019.03.09-15.53.57:069][140]LogModuleManager: Shutting down and abandoning module AudioFormatOgg (127)
[2019.03.09-15.53.57:069][140]LogModuleManager: Shutting down and abandoning module AudioFormatADPCM (125)
[2019.03.09-15.53.57:069][140]LogModuleManager: Shutting down and abandoning module LuminTargetPlatform (123)
[2019.03.09-15.53.57:069][140]LogModuleManager: Shutting down and abandoning module LinuxTargetPlatform (121)
[2019.03.09-15.53.57:069][140]LogModuleManager: Shutting down and abandoning module LinuxServerTargetPlatform (119)
[2019.03.09-15.53.57:069][140]LogModuleManager: Shutting down and abandoning module LinuxNoEditorTargetPlatform (117)
[2019.03.09-15.53.57:069][140]LogModuleManager: Shutting down and abandoning module LinuxClientTargetPlatform (115)
[2019.03.09-15.53.57:070][140]LogModuleManager: Shutting down and abandoning module TVOSTargetPlatform (113)
[2019.03.09-15.53.57:071][140]LogModuleManager: Shutting down and abandoning module Messaging (111)
[2019.03.09-15.53.57:071][140]LogModuleManager: Shutting down and abandoning module IOSTargetPlatform (109)
[2019.03.09-15.53.57:078][140]LogModuleManager: Shutting down and abandoning module HTML5TargetPlatform (107)
[2019.03.09-15.53.57:078][140]LogModuleManager: Shutting down and abandoning module AndroidTargetPlatform (105)
[2019.03.09-15.53.57:085][140]LogModuleManager: Shutting down and abandoning module WindowsTargetPlatform (103)
[2019.03.09-15.53.57:085][140]LogModuleManager: Shutting down and abandoning module WindowsServerTargetPlatform (101)
[2019.03.09-15.53.57:085][140]LogModuleManager: Shutting down and abandoning module WindowsNoEditorTargetPlatform (99)
[2019.03.09-15.53.57:085][140]LogModuleManager: Shutting down and abandoning module WindowsClientTargetPlatform (97)
[2019.03.09-15.53.57:085][140]LogModuleManager: Shutting down and abandoning module MacTargetPlatform (95)
[2019.03.09-15.53.57:085][140]LogModuleManager: Shutting down and abandoning module MacServerTargetPlatform (93)
[2019.03.09-15.53.57:085][140]LogModuleManager: Shutting down and abandoning module MacNoEditorTargetPlatform (91)
[2019.03.09-15.53.57:085][140]LogModuleManager: Shutting down and abandoning module MacClientTargetPlatform (89)
[2019.03.09-15.53.57:085][140]LogModuleManager: Shutting down and abandoning module AllDesktopTargetPlatform (87)
[2019.03.09-15.53.57:085][140]LogModuleManager: Shutting down and abandoning module InputCore (84)
[2019.03.09-15.53.57:085][140]LogModuleManager: Shutting down and abandoning module Settings (82)
[2019.03.09-15.53.57:085][140]LogModuleManager: Shutting down and abandoning module PhysXCooking (80)
[2019.03.09-15.53.57:085][140]LogModuleManager: Shutting down and abandoning module ExampleDeviceProfileSelector (78)
[2019.03.09-15.53.57:085][140]LogModuleManager: Shutting down and abandoning module LauncherChunkInstaller (76)
[2019.03.09-15.53.57:085][140]LogModuleManager: Shutting down and abandoning module OnlineBlueprintSupport (74)
[2019.03.09-15.53.57:085][140]LogModuleManager: Shutting down and abandoning module OnlineSubsystem (70)
[2019.03.09-15.53.57:086][140]LogModuleManager: Shutting down and abandoning module XMPP (65)
[2019.03.09-15.53.57:086][140]LogModuleManager: Shutting down and abandoning module WebSockets (64)
[2019.03.09-15.53.57:109][140]LogModuleManager: Shutting down and abandoning module HTTP (61)
[2019.03.09-15.53.57:109][140]LogHttp: Display: Http module shutting down, but needs to wait on 1 outstanding Http requests:
[2019.03.09-15.53.57:109][140]LogHttp: Display: 	verb=[POST] url=[https://datarouter.ol.epicgames.com/datarouter/api/v1/public/data?SessionID=%7BDD1CD892-431D-4F5A-7E6C-6EA06ED972AA%7D&AppID=UEEditor.Rocket.Release&AppVersion=4.20.3-4369336%2B%2B%2BUE4%2BRelease-4.20&UserID=126ba13c4ebe7080ebfc9aab4737cd0c%7C22bbfe5a44214fa6a995a6190dfc0f17%7Cd6206206-018f-489c-9797-ef897a11a7a9&AppEnvironment=datacollector-binary&UploadType=eteventstream] status=Processing
[2019.03.09-15.53.57:140][140]LogModuleManager: Shutting down and abandoning module SSL (60)
[2019.03.09-15.53.57:141][140]LogModuleManager: Shutting down and abandoning module MagicLeapEmulator (56)
[2019.03.09-15.53.57:141][140]LogModuleManager: Shutting down and abandoning module MagicLeapPrivileges (54)
[2019.03.09-15.53.57:141][140]LogModuleManager: Shutting down and abandoning module MagicLeapIdentity (52)
[2019.03.09-15.53.57:141][140]LogModuleManager: Shutting down and abandoning module MagicLeapHelperVulkan (50)
[2019.03.09-15.53.57:141][140]LogModuleManager: Shutting down and abandoning module MagicLeapHelperOpenGL (48)
[2019.03.09-15.53.57:141][140]LogModuleManager: Shutting down and abandoning module MagicLeapSecureStorage (46)
[2019.03.09-15.53.57:141][140]LogModuleManager: Shutting down and abandoning module MagicLeapGestures (44)
[2019.03.09-15.53.57:141][140]LogModuleManager: Shutting down and abandoning module MagicLeapEyeTracker (42)
[2019.03.09-15.53.57:141][140]LogModuleManager: Shutting down and abandoning module MagicLeapController (40)
[2019.03.09-15.53.57:141][140]LogSlate: Slate User Destroyed.  User Index 0, Is Virtual User: 0
[2019.03.09-15.53.57:141][140]LogModuleManager: Shutting down and abandoning module MagicLeap (38)
[2019.03.09-15.53.57:141][140]LogModuleManager: Shutting down and abandoning module AnimationModifiers (36)
[2019.03.09-15.53.57:141][140]LogModuleManager: Shutting down and abandoning module PropertyEditor (35)
[2019.03.09-15.53.57:141][140]LogModuleManager: Shutting down and abandoning module AudioEditor (32)
[2019.03.09-15.53.57:141][140]LogModuleManager: Shutting down and abandoning module TextureCompressor (30)
[2019.03.09-15.53.57:141][140]LogModuleManager: Shutting down and abandoning module ShaderCore (28)
[2019.03.09-15.53.57:141][140]LogModuleManager: Shutting down and abandoning module Landscape (26)
[2019.03.09-15.53.57:141][140]LogModuleManager: Shutting down and abandoning module SlateRHIRenderer (24)
[2019.03.09-15.53.57:142][140]LogModuleManager: Shutting down and abandoning module OpenGLDrv (22)
[2019.03.09-15.53.57:142][140]LogModuleManager: Shutting down and abandoning module D3D11RHI (20)
[2019.03.09-15.53.57:142][140]LogModuleManager: Shutting down and abandoning module AnimGraphRuntime (18)
[2019.03.09-15.53.57:142][140]LogModuleManager: Shutting down and abandoning module Renderer (16)
[2019.03.09-15.53.57:142][140]LogModuleManager: Shutting down and abandoning module Engine (14)
[2019.03.09-15.53.57:142][140]LogModuleManager: Shutting down and abandoning module CoreUObject (12)
[2019.03.09-15.53.57:142][140]LogModuleManager: Shutting down and abandoning module NetworkFile (10)
[2019.03.09-15.53.57:142][140]LogModuleManager: Shutting down and abandoning module CookedIterativeFile (8)
[2019.03.09-15.53.57:142][140]LogModuleManager: Shutting down and abandoning module StreamingFile (6)
[2019.03.09-15.53.57:142][140]LogModuleManager: Shutting down and abandoning module SandboxFile (4)
[2019.03.09-15.53.57:142][140]LogModuleManager: Shutting down and abandoning module PakFile (2)
[2019.03.09-15.53.57:145][140]LogExit: Exiting.
[2019.03.09-15.53.57:156][140]Log file closed, 03/09/19 15:53:57
